<?xml version="1.0" encoding="UTF-8"?>
<coverage generated="1654102893307" clover="3.2.0">
  <project timestamp="1654102893307" name="All files">
    <metrics statements="265" coveredstatements="240" conditionals="23" coveredconditionals="19" methods="92" coveredmethods="87" elements="380" coveredelements="346" complexity="0" loc="265" ncloc="265" packages="4" files="24" classes="24"/>
    <package name="src">
      <metrics statements="14" coveredstatements="0" conditionals="2" coveredconditionals="0" methods="4" coveredmethods="0"/>
      <file name="index.ts" path="/Users/pedro/dev/chair-flight-question-bank/src/index.ts">
        <metrics statements="6" coveredstatements="0" conditionals="0" coveredconditionals="0" methods="3" coveredmethods="0"/>
        <line num="3" count="0" type="stmt"/>
        <line num="5" count="0" type="stmt"/>
        <line num="6" count="0" type="stmt"/>
        <line num="7" count="0" type="stmt"/>
        <line num="8" count="0" type="stmt"/>
        <line num="9" count="0" type="stmt"/>
      </file>
      <file name="types.ts" path="/Users/pedro/dev/chair-flight-question-bank/src/types.ts">
        <metrics statements="8" coveredstatements="0" conditionals="2" coveredconditionals="0" methods="1" coveredmethods="0"/>
        <line num="7" count="0" type="cond" truecount="0" falsecount="2"/>
        <line num="8" count="0" type="stmt"/>
        <line num="9" count="0" type="stmt"/>
        <line num="10" count="0" type="stmt"/>
        <line num="11" count="0" type="stmt"/>
        <line num="12" count="0" type="stmt"/>
        <line num="13" count="0" type="stmt"/>
        <line num="14" count="0" type="stmt"/>
      </file>
    </package>
    <package name="src.base">
      <metrics statements="82" coveredstatements="75" conditionals="21" coveredconditionals="19" methods="21" coveredmethods="20"/>
      <file name="mergeQuestionVariants.ts" path="/Users/pedro/dev/chair-flight-question-bank/src/base/mergeQuestionVariants.ts">
        <metrics statements="7" coveredstatements="7" conditionals="0" coveredconditionals="0" methods="3" coveredmethods="3"/>
        <line num="2" count="1" type="stmt"/>
        <line num="6" count="1" type="stmt"/>
        <line num="10" count="4" type="stmt"/>
        <line num="12" count="1" type="stmt"/>
        <line num="15" count="200" type="stmt"/>
        <line num="16" count="200" type="stmt"/>
        <line num="17" count="200" type="stmt"/>
      </file>
      <file name="questionOneCorrect.ts" path="/Users/pedro/dev/chair-flight-question-bank/src/base/questionOneCorrect.ts">
        <metrics statements="17" coveredstatements="17" conditionals="10" coveredconditionals="9" methods="6" coveredmethods="6"/>
        <line num="1" count="1" type="stmt"/>
        <line num="3" count="1" type="stmt"/>
        <line num="5" count="1" type="stmt"/>
        <line num="23" count="56" type="stmt"/>
        <line num="28" count="10732" type="stmt"/>
        <line num="29" count="10732" type="stmt"/>
        <line num="30" count="22894" type="cond" truecount="1" falsecount="1"/>
        <line num="35" count="10732" type="stmt"/>
        <line num="36" count="22894" type="stmt"/>
        <line num="45" count="10732" type="stmt"/>
        <line num="47" count="14148" type="cond" truecount="2" falsecount="0"/>
        <line num="51" count="10732" type="stmt"/>
        <line num="56" count="10732" type="stmt"/>
        <line num="60" count="22894" type="cond" truecount="2" falsecount="0"/>
        <line num="65" count="10732" type="cond" truecount="2" falsecount="0"/>
        <line num="69" count="10732" type="stmt"/>
        <line num="71" count="10732" type="stmt"/>
      </file>
      <file name="questionOneTwo.ts" path="/Users/pedro/dev/chair-flight-question-bank/src/base/questionOneTwo.ts">
        <metrics statements="21" coveredstatements="21" conditionals="11" coveredconditionals="10" methods="4" coveredmethods="4"/>
        <line num="1" count="1" type="stmt"/>
        <line num="3" count="1" type="stmt"/>
        <line num="5" count="1" type="stmt"/>
        <line num="15" count="1" type="stmt"/>
        <line num="20" count="68" type="stmt"/>
        <line num="21" count="68" type="stmt"/>
        <line num="22" count="68" type="stmt"/>
        <line num="23" count="68" type="stmt"/>
        <line num="25" count="68" type="stmt"/>
        <line num="26" count="136" type="cond" truecount="1" falsecount="1"/>
        <line num="29" count="68" type="stmt"/>
        <line num="40" count="68" type="stmt"/>
        <line num="63" count="68" type="stmt"/>
        <line num="64" count="68" type="cond" truecount="3" falsecount="0"/>
        <line num="65" count="6" type="stmt"/>
        <line num="67" count="62" type="cond" truecount="1" falsecount="0"/>
        <line num="68" count="20" type="stmt"/>
        <line num="70" count="42" type="cond" truecount="1" falsecount="0"/>
        <line num="71" count="10" type="stmt"/>
        <line num="73" count="32" type="stmt"/>
        <line num="76" count="68" type="stmt"/>
      </file>
      <file name="random.ts" path="/Users/pedro/dev/chair-flight-question-bank/src/base/random.ts">
        <metrics statements="37" coveredstatements="30" conditionals="0" coveredconditionals="0" methods="8" coveredmethods="7"/>
        <line num="1" count="1" type="stmt"/>
        <line num="2" count="11000" type="stmt"/>
        <line num="3" count="159812" type="stmt"/>
        <line num="4" count="159812" type="stmt"/>
        <line num="5" count="159812" type="stmt"/>
        <line num="6" count="159812" type="stmt"/>
        <line num="7" count="159812" type="stmt"/>
        <line num="8" count="159812" type="stmt"/>
        <line num="9" count="159812" type="stmt"/>
        <line num="10" count="159812" type="stmt"/>
        <line num="11" count="159812" type="stmt"/>
        <line num="12" count="159812" type="stmt"/>
        <line num="13" count="159812" type="stmt"/>
        <line num="14" count="159812" type="stmt"/>
        <line num="18" count="1" type="stmt"/>
        <line num="19" count="11000" type="stmt"/>
        <line num="20" count="11000" type="stmt"/>
        <line num="21" count="11000" type="stmt"/>
        <line num="22" count="20900" type="stmt"/>
        <line num="23" count="20900" type="stmt"/>
        <line num="26" count="11000" type="stmt"/>
        <line num="27" count="44000" type="stmt"/>
        <line num="28" count="44000" type="stmt"/>
        <line num="29" count="44000" type="stmt"/>
        <line num="32" count="11000" type="stmt"/>
        <line num="35" count="1" type="stmt"/>
        <line num="36" count="11000" type="stmt"/>
        <line num="37" count="159812" type="stmt"/>
        <line num="38" count="46244" type="stmt"/>
        <line num="42" count="1" type="stmt"/>
        <line num="43" count="0" type="stmt"/>
        <line num="45" count="0" type="stmt"/>
        <line num="46" count="0" type="stmt"/>
        <line num="47" count="0" type="stmt"/>
        <line num="48" count="0" type="stmt"/>
        <line num="49" count="0" type="stmt"/>
        <line num="51" count="0" type="stmt"/>
      </file>
    </package>
    <package name="src.generated">
      <metrics statements="4" coveredstatements="0" conditionals="0" coveredconditionals="0" methods="0" coveredmethods="0"/>
      <file name="content.ts" path="/Users/pedro/dev/chair-flight-question-bank/src/generated/content.ts">
        <metrics statements="1" coveredstatements="0" conditionals="0" coveredconditionals="0" methods="0" coveredmethods="0"/>
        <line num="4" count="0" type="stmt"/>
      </file>
      <file name="contentTree.ts" path="/Users/pedro/dev/chair-flight-question-bank/src/generated/contentTree.ts">
        <metrics statements="1" coveredstatements="0" conditionals="0" coveredconditionals="0" methods="0" coveredmethods="0"/>
        <line num="4" count="0" type="stmt"/>
      </file>
      <file name="learningObjectives.ts" path="/Users/pedro/dev/chair-flight-question-bank/src/generated/learningObjectives.ts">
        <metrics statements="2" coveredstatements="0" conditionals="0" coveredconditionals="0" methods="0" coveredmethods="0"/>
        <line num="2" count="0" type="stmt"/>
        <line num="4" count="0" type="stmt"/>
      </file>
    </package>
    <package name="src.questions">
      <metrics statements="165" coveredstatements="165" conditionals="0" coveredconditionals="0" methods="67" coveredmethods="67"/>
      <file name="010.ts" path="/Users/pedro/dev/chair-flight-question-bank/src/questions/010.ts">
        <metrics statements="6" coveredstatements="6" conditionals="0" coveredconditionals="0" methods="2" coveredmethods="2"/>
        <line num="1" count="1" type="stmt"/>
        <line num="2" count="1" type="stmt"/>
        <line num="4" count="1" type="stmt"/>
        <line num="8" count="200" type="stmt"/>
        <line num="52" count="1" type="stmt"/>
        <line num="56" count="200" type="stmt"/>
      </file>
      <file name="021.01.ts" path="/Users/pedro/dev/chair-flight-question-bank/src/questions/021.01.ts">
        <metrics statements="16" coveredstatements="16" conditionals="0" coveredconditionals="0" methods="8" coveredmethods="8"/>
        <line num="1" count="1" type="stmt"/>
        <line num="2" count="1" type="stmt"/>
        <line num="4" count="1" type="stmt"/>
        <line num="8" count="200" type="stmt"/>
        <line num="103" count="1" type="stmt"/>
        <line num="108" count="88" type="stmt"/>
        <line num="112" count="112" type="stmt"/>
        <line num="161" count="1" type="stmt"/>
        <line num="166" count="92" type="stmt"/>
        <line num="170" count="108" type="stmt"/>
        <line num="207" count="1" type="stmt"/>
        <line num="211" count="200" type="stmt"/>
        <line num="252" count="1" type="stmt"/>
        <line num="256" count="200" type="stmt"/>
        <line num="288" count="1" type="stmt"/>
        <line num="292" count="200" type="stmt"/>
      </file>
      <file name="021.02.ts" path="/Users/pedro/dev/chair-flight-question-bank/src/questions/021.02.ts">
        <metrics statements="4" coveredstatements="4" conditionals="0" coveredconditionals="0" methods="1" coveredmethods="1"/>
        <line num="1" count="1" type="stmt"/>
        <line num="2" count="1" type="stmt"/>
        <line num="4" count="1" type="stmt"/>
        <line num="8" count="200" type="stmt"/>
      </file>
      <file name="021.03.ts" path="/Users/pedro/dev/chair-flight-question-bank/src/questions/021.03.ts">
        <metrics statements="8" coveredstatements="8" conditionals="0" coveredconditionals="0" methods="3" coveredmethods="3"/>
        <line num="1" count="1" type="stmt"/>
        <line num="2" count="1" type="stmt"/>
        <line num="4" count="1" type="stmt"/>
        <line num="8" count="200" type="stmt"/>
        <line num="98" count="1" type="stmt"/>
        <line num="102" count="200" type="stmt"/>
        <line num="142" count="1" type="stmt"/>
        <line num="146" count="200" type="stmt"/>
      </file>
      <file name="021.04.ts" path="/Users/pedro/dev/chair-flight-question-bank/src/questions/021.04.ts">
        <metrics statements="14" coveredstatements="14" conditionals="0" coveredconditionals="0" methods="6" coveredmethods="6"/>
        <line num="1" count="1" type="stmt"/>
        <line num="2" count="1" type="stmt"/>
        <line num="4" count="1" type="stmt"/>
        <line num="8" count="200" type="stmt"/>
        <line num="45" count="1" type="stmt"/>
        <line num="49" count="200" type="stmt"/>
        <line num="109" count="1" type="stmt"/>
        <line num="113" count="200" type="stmt"/>
        <line num="155" count="1" type="stmt"/>
        <line num="159" count="200" type="stmt"/>
        <line num="203" count="1" type="stmt"/>
        <line num="207" count="200" type="stmt"/>
        <line num="256" count="1" type="stmt"/>
        <line num="260" count="200" type="stmt"/>
      </file>
      <file name="021.05.ts" path="/Users/pedro/dev/chair-flight-question-bank/src/questions/021.05.ts">
        <metrics statements="12" coveredstatements="12" conditionals="0" coveredconditionals="0" methods="5" coveredmethods="5"/>
        <line num="1" count="1" type="stmt"/>
        <line num="2" count="1" type="stmt"/>
        <line num="4" count="1" type="stmt"/>
        <line num="8" count="200" type="stmt"/>
        <line num="85" count="1" type="stmt"/>
        <line num="89" count="200" type="stmt"/>
        <line num="139" count="1" type="stmt"/>
        <line num="143" count="200" type="stmt"/>
        <line num="199" count="1" type="stmt"/>
        <line num="203" count="200" type="stmt"/>
        <line num="263" count="1" type="stmt"/>
        <line num="267" count="200" type="stmt"/>
      </file>
      <file name="021.06.ts" path="/Users/pedro/dev/chair-flight-question-bank/src/questions/021.06.ts">
        <metrics statements="4" coveredstatements="4" conditionals="0" coveredconditionals="0" methods="1" coveredmethods="1"/>
        <line num="1" count="1" type="stmt"/>
        <line num="2" count="1" type="stmt"/>
        <line num="4" count="1" type="stmt"/>
        <line num="8" count="200" type="stmt"/>
      </file>
      <file name="021.07.ts" path="/Users/pedro/dev/chair-flight-question-bank/src/questions/021.07.ts">
        <metrics statements="6" coveredstatements="6" conditionals="0" coveredconditionals="0" methods="2" coveredmethods="2"/>
        <line num="1" count="1" type="stmt"/>
        <line num="2" count="1" type="stmt"/>
        <line num="4" count="1" type="stmt"/>
        <line num="8" count="200" type="stmt"/>
        <line num="52" count="1" type="stmt"/>
        <line num="56" count="200" type="stmt"/>
      </file>
      <file name="021.08.ts" path="/Users/pedro/dev/chair-flight-question-bank/src/questions/021.08.ts">
        <metrics statements="18" coveredstatements="18" conditionals="0" coveredconditionals="0" methods="12" coveredmethods="12"/>
        <line num="1" count="1" type="stmt"/>
        <line num="2" count="1" type="stmt"/>
        <line num="3" count="1" type="stmt"/>
        <line num="4" count="1" type="stmt"/>
        <line num="6" count="1" type="stmt"/>
        <line num="23" count="1" type="stmt"/>
        <line num="26" count="30" type="stmt"/>
        <line num="29" count="36" type="stmt"/>
        <line num="61" count="1" type="stmt"/>
        <line num="63" count="24" type="stmt"/>
        <line num="105" count="1" type="stmt"/>
        <line num="108" count="22" type="stmt"/>
        <line num="109" count="4" type="stmt"/>
        <line num="110" count="16" type="stmt"/>
        <line num="120" count="6" type="stmt"/>
        <line num="127" count="1" type="stmt"/>
        <line num="173" count="1" type="stmt"/>
        <line num="177" count="200" type="stmt"/>
      </file>
      <file name="021.09.ts" path="/Users/pedro/dev/chair-flight-question-bank/src/questions/021.09.ts">
        <metrics statements="11" coveredstatements="11" conditionals="0" coveredconditionals="0" methods="5" coveredmethods="5"/>
        <line num="1" count="1" type="stmt"/>
        <line num="2" count="1" type="stmt"/>
        <line num="4" count="1" type="stmt"/>
        <line num="8" count="200" type="stmt"/>
        <line num="47" count="1" type="stmt"/>
        <line num="51" count="200" type="stmt"/>
        <line num="88" count="1" type="stmt"/>
        <line num="93" count="90" type="stmt"/>
        <line num="96" count="110" type="stmt"/>
        <line num="147" count="1" type="stmt"/>
        <line num="151" count="200" type="stmt"/>
      </file>
      <file name="021.10.ts" path="/Users/pedro/dev/chair-flight-question-bank/src/questions/021.10.ts">
        <metrics statements="10" coveredstatements="10" conditionals="0" coveredconditionals="0" methods="4" coveredmethods="4"/>
        <line num="1" count="1" type="stmt"/>
        <line num="2" count="1" type="stmt"/>
        <line num="4" count="1" type="stmt"/>
        <line num="8" count="200" type="stmt"/>
        <line num="52" count="1" type="stmt"/>
        <line num="56" count="200" type="stmt"/>
        <line num="96" count="1" type="stmt"/>
        <line num="100" count="200" type="stmt"/>
        <line num="141" count="1" type="stmt"/>
        <line num="145" count="200" type="stmt"/>
      </file>
      <file name="021.11.ts" path="/Users/pedro/dev/chair-flight-question-bank/src/questions/021.11.ts">
        <metrics statements="26" coveredstatements="26" conditionals="0" coveredconditionals="0" methods="12" coveredmethods="12"/>
        <line num="1" count="1" type="stmt"/>
        <line num="2" count="1" type="stmt"/>
        <line num="4" count="1" type="stmt"/>
        <line num="8" count="200" type="stmt"/>
        <line num="39" count="1" type="stmt"/>
        <line num="43" count="200" type="stmt"/>
        <line num="74" count="1" type="stmt"/>
        <line num="78" count="200" type="stmt"/>
        <line num="151" count="1" type="stmt"/>
        <line num="155" count="200" type="stmt"/>
        <line num="186" count="1" type="stmt"/>
        <line num="190" count="200" type="stmt"/>
        <line num="222" count="1" type="stmt"/>
        <line num="226" count="200" type="stmt"/>
        <line num="257" count="1" type="stmt"/>
        <line num="261" count="200" type="stmt"/>
        <line num="311" count="1" type="stmt"/>
        <line num="315" count="200" type="stmt"/>
        <line num="357" count="1" type="stmt"/>
        <line num="361" count="200" type="stmt"/>
        <line num="427" count="1" type="stmt"/>
        <line num="431" count="200" type="stmt"/>
        <line num="463" count="1" type="stmt"/>
        <line num="467" count="200" type="stmt"/>
        <line num="509" count="1" type="stmt"/>
        <line num="513" count="200" type="stmt"/>
      </file>
      <file name="021.12.ts" path="/Users/pedro/dev/chair-flight-question-bank/src/questions/021.12.ts">
        <metrics statements="8" coveredstatements="8" conditionals="0" coveredconditionals="0" methods="3" coveredmethods="3"/>
        <line num="1" count="1" type="stmt"/>
        <line num="2" count="1" type="stmt"/>
        <line num="4" count="1" type="stmt"/>
        <line num="8" count="200" type="stmt"/>
        <line num="40" count="1" type="stmt"/>
        <line num="44" count="200" type="stmt"/>
        <line num="81" count="1" type="stmt"/>
        <line num="85" count="200" type="stmt"/>
      </file>
      <file name="021.13.ts" path="/Users/pedro/dev/chair-flight-question-bank/src/questions/021.13.ts">
        <metrics statements="8" coveredstatements="8" conditionals="0" coveredconditionals="0" methods="3" coveredmethods="3"/>
        <line num="1" count="1" type="stmt"/>
        <line num="2" count="1" type="stmt"/>
        <line num="4" count="1" type="stmt"/>
        <line num="8" count="200" type="stmt"/>
        <line num="39" count="1" type="stmt"/>
        <line num="43" count="200" type="stmt"/>
        <line num="82" count="1" type="stmt"/>
        <line num="86" count="200" type="stmt"/>
      </file>
      <file name="index.ts" path="/Users/pedro/dev/chair-flight-question-bank/src/questions/index.ts">
        <metrics statements="14" coveredstatements="14" conditionals="0" coveredconditionals="0" methods="0" coveredmethods="0"/>
        <line num="1" count="1" type="stmt"/>
        <line num="2" count="1" type="stmt"/>
        <line num="3" count="1" type="stmt"/>
        <line num="4" count="1" type="stmt"/>
        <line num="5" count="1" type="stmt"/>
        <line num="6" count="1" type="stmt"/>
        <line num="7" count="1" type="stmt"/>
        <line num="8" count="1" type="stmt"/>
        <line num="9" count="1" type="stmt"/>
        <line num="10" count="1" type="stmt"/>
        <line num="11" count="1" type="stmt"/>
        <line num="12" count="1" type="stmt"/>
        <line num="13" count="1" type="stmt"/>
        <line num="14" count="1" type="stmt"/>
      </file>
    </package>
  </project>
</coverage>
