{
  "/Users/pedro/dev/chair-flight-question-bank/src/types.ts": {
    "path": "/Users/pedro/dev/chair-flight-question-bank/src/types.ts",
    "statementMap": {
      "0": {
        "start": { "line": 7, "column": 0 },
        "end": { "line": 7, "column": null }
      },
      "1": {
        "start": { "line": 8, "column": 2 },
        "end": { "line": 8, "column": null }
      },
      "2": {
        "start": { "line": 9, "column": 2 },
        "end": { "line": 9, "column": null }
      },
      "3": {
        "start": { "line": 10, "column": 2 },
        "end": { "line": 10, "column": null }
      },
      "4": {
        "start": { "line": 11, "column": 2 },
        "end": { "line": 11, "column": null }
      },
      "5": {
        "start": { "line": 12, "column": 2 },
        "end": { "line": 12, "column": null }
      },
      "6": {
        "start": { "line": 13, "column": 2 },
        "end": { "line": 13, "column": null }
      },
      "7": {
        "start": { "line": 14, "column": 2 },
        "end": { "line": 14, "column": null }
      }
    },
    "fnMap": {
      "0": {
        "name": "(anonymous_0)",
        "decl": {
          "start": { "line": 7, "column": 0 },
          "end": { "line": 7, "column": 12 }
        },
        "loc": {
          "start": { "line": 7, "column": 22 },
          "end": { "line": 15, "column": 1 }
        }
      }
    },
    "branchMap": {
      "0": {
        "loc": {
          "start": { "line": 7, "column": 12 },
          "end": { "line": 7, "column": null }
        },
        "type": "binary-expr",
        "locations": [
          {
            "start": { "line": 7, "column": 12 },
            "end": { "line": 7, "column": 22 }
          },
          {
            "start": { "line": 7, "column": 12 },
            "end": { "line": 7, "column": null }
          }
        ]
      }
    },
    "s": { "0": 0, "1": 0, "2": 0, "3": 0, "4": 0, "5": 0, "6": 0, "7": 0 },
    "f": { "0": 0 },
    "b": { "0": [0, 0] }
  },
  "/Users/pedro/dev/chair-flight-question-bank/src/base/mergeQuestionVariants.ts": {
    "path": "/Users/pedro/dev/chair-flight-question-bank/src/base/mergeQuestionVariants.ts",
    "statementMap": {
      "0": {
        "start": { "line": 2, "column": 0 },
        "end": { "line": 2, "column": 45 }
      },
      "1": {
        "start": { "line": 6, "column": 37 },
        "end": { "line": 20, "column": 1 }
      },
      "2": {
        "start": { "line": 10, "column": 19 },
        "end": { "line": 10, "column": 48 }
      },
      "3": {
        "start": { "line": 10, "column": 37 },
        "end": { "line": 10, "column": 47 }
      },
      "4": {
        "start": { "line": 12, "column": 2 },
        "end": { "line": 19, "column": 4 }
      },
      "5": {
        "start": { "line": 15, "column": 22 },
        "end": { "line": 15, "column": 45 }
      },
      "6": {
        "start": { "line": 16, "column": 22 },
        "end": { "line": 16, "column": 42 }
      },
      "7": {
        "start": { "line": 17, "column": 6 },
        "end": { "line": 17, "column": 36 }
      },
      "8": {
        "start": { "line": 6, "column": 13 },
        "end": { "line": 6, "column": 37 }
      }
    },
    "fnMap": {
      "0": {
        "name": "(anonymous_0)",
        "decl": {
          "start": { "line": 6, "column": 37 },
          "end": { "line": 6, "column": null }
        },
        "loc": {
          "start": { "line": 9, "column": 22 },
          "end": { "line": 20, "column": 1 }
        }
      },
      "1": {
        "name": "(anonymous_1)",
        "decl": {
          "start": { "line": 10, "column": 28 },
          "end": { "line": 10, "column": 29 }
        },
        "loc": {
          "start": { "line": 10, "column": 37 },
          "end": { "line": 10, "column": 47 }
        }
      },
      "2": {
        "name": "(anonymous_2)",
        "decl": {
          "start": { "line": 14, "column": 14 },
          "end": { "line": 14, "column": 15 }
        },
        "loc": {
          "start": { "line": 14, "column": 31 },
          "end": { "line": 18, "column": 5 }
        }
      }
    },
    "branchMap": {},
    "s": {
      "0": 1,
      "1": 1,
      "2": 1,
      "3": 4,
      "4": 1,
      "5": 200,
      "6": 200,
      "7": 200,
      "8": 1
    },
    "f": { "0": 1, "1": 4, "2": 200 },
    "b": {}
  },
  "/Users/pedro/dev/chair-flight-question-bank/src/base/questionOneCorrect.ts": {
    "path": "/Users/pedro/dev/chair-flight-question-bank/src/base/questionOneCorrect.ts",
    "statementMap": {
      "0": {
        "start": { "line": 1, "column": 0 },
        "end": { "line": 1, "column": 54 }
      },
      "1": {
        "start": { "line": 8, "column": 0 },
        "end": { "line": 8, "column": 45 }
      },
      "2": {
        "start": { "line": 10, "column": 34 },
        "end": { "line": 86, "column": 1 }
      },
      "3": {
        "start": { "line": 28, "column": 2 },
        "end": { "line": 85, "column": 4 }
      },
      "4": {
        "start": { "line": 33, "column": 22 },
        "end": { "line": 33, "column": 45 }
      },
      "5": {
        "start": { "line": 34, "column": 29 },
        "end": { "line": 40, "column": 10 }
      },
      "6": {
        "start": { "line": 36, "column": 10 },
        "end": { "line": 38, "column": 36 }
      },
      "7": {
        "start": { "line": 42, "column": 45 },
        "end": { "line": 48, "column": null }
      },
      "8": {
        "start": { "line": 43, "column": 19 },
        "end": { "line": 48, "column": 10 }
      },
      "9": {
        "start": { "line": 51, "column": 28 },
        "end": { "line": 53, "column": null }
      },
      "10": {
        "start": { "line": 53, "column": 10 },
        "end": { "line": 53, "column": 72 }
      },
      "11": {
        "start": { "line": 56, "column": 6 },
        "end": { "line": 56, "column": 76 }
      },
      "12": {
        "start": { "line": 58, "column": 27 },
        "end": { "line": 64, "column": 20 }
      },
      "13": {
        "start": { "line": 62, "column": 12 },
        "end": { "line": 62, "column": 75 }
      },
      "14": {
        "start": { "line": 66, "column": 25 },
        "end": { "line": 68, "column": 24 }
      },
      "15": {
        "start": { "line": 70, "column": 27 },
        "end": { "line": 70, "column": 68 }
      },
      "16": {
        "start": { "line": 72, "column": 6 },
        "end": { "line": 83, "column": 8 }
      },
      "17": {
        "start": { "line": 10, "column": 13 },
        "end": { "line": 10, "column": 34 }
      }
    },
    "fnMap": {
      "0": {
        "name": "(anonymous_1)",
        "decl": {
          "start": { "line": 10, "column": 34 },
          "end": { "line": 10, "column": 35 }
        },
        "loc": {
          "start": { "line": 27, "column": 23 },
          "end": { "line": 86, "column": 1 }
        }
      },
      "1": {
        "name": "(anonymous_2)",
        "decl": {
          "start": { "line": 32, "column": 14 },
          "end": { "line": 32, "column": 15 }
        },
        "loc": {
          "start": { "line": 32, "column": 31 },
          "end": { "line": 84, "column": 5 }
        }
      },
      "2": {
        "name": "(anonymous_3)",
        "decl": {
          "start": { "line": 35, "column": 8 },
          "end": { "line": 35, "column": 9 }
        },
        "loc": {
          "start": { "line": 36, "column": 10 },
          "end": { "line": 38, "column": 36 }
        }
      },
      "3": {
        "name": "(anonymous_4)",
        "decl": {
          "start": { "line": 43, "column": 8 },
          "end": { "line": 43, "column": 9 }
        },
        "loc": {
          "start": { "line": 43, "column": 19 },
          "end": { "line": 48, "column": 10 }
        }
      },
      "4": {
        "name": "(anonymous_5)",
        "decl": {
          "start": { "line": 52, "column": 8 },
          "end": { "line": 52, "column": 9 }
        },
        "loc": {
          "start": { "line": 53, "column": 10 },
          "end": { "line": 53, "column": 72 }
        }
      },
      "5": {
        "name": "(anonymous_6)",
        "decl": {
          "start": { "line": 61, "column": 10 },
          "end": { "line": 61, "column": 11 }
        },
        "loc": {
          "start": { "line": 62, "column": 12 },
          "end": { "line": 62, "column": 75 }
        }
      }
    },
    "branchMap": {
      "0": {
        "loc": {
          "start": { "line": 36, "column": 10 },
          "end": { "line": 38, "column": 36 }
        },
        "type": "cond-expr",
        "locations": [
          {
            "start": { "line": 37, "column": 14 },
            "end": { "line": 37, "column": 39 }
          },
          {
            "start": { "line": 38, "column": 14 },
            "end": { "line": 38, "column": 36 }
          }
        ]
      },
      "1": {
        "loc": {
          "start": { "line": 46, "column": 16 },
          "end": { "line": 46, "column": 76 }
        },
        "type": "cond-expr",
        "locations": [
          {
            "start": { "line": 46, "column": 43 },
            "end": { "line": 46, "column": 64 }
          },
          {
            "start": { "line": 46, "column": 67 },
            "end": { "line": 46, "column": 76 }
          }
        ]
      },
      "2": {
        "loc": {
          "start": { "line": 53, "column": 10 },
          "end": { "line": 53, "column": 72 }
        },
        "type": "binary-expr",
        "locations": [
          {
            "start": { "line": 53, "column": 10 },
            "end": { "line": 53, "column": 36 }
          },
          {
            "start": { "line": 53, "column": 40 },
            "end": { "line": 53, "column": 72 }
          }
        ]
      },
      "3": {
        "loc": {
          "start": { "line": 62, "column": 12 },
          "end": { "line": 62, "column": 75 }
        },
        "type": "binary-expr",
        "locations": [
          {
            "start": { "line": 62, "column": 12 },
            "end": { "line": 62, "column": 38 }
          },
          {
            "start": { "line": 62, "column": 42 },
            "end": { "line": 62, "column": 75 }
          }
        ]
      },
      "4": {
        "loc": {
          "start": { "line": 66, "column": 25 },
          "end": { "line": 68, "column": 24 }
        },
        "type": "cond-expr",
        "locations": [
          {
            "start": { "line": 67, "column": 10 },
            "end": { "line": 67, "column": 36 }
          },
          {
            "start": { "line": 68, "column": 10 },
            "end": { "line": 68, "column": 24 }
          }
        ]
      }
    },
    "s": {
      "0": 1,
      "1": 1,
      "2": 1,
      "3": 56,
      "4": 10732,
      "5": 10732,
      "6": 22894,
      "7": 10732,
      "8": 22894,
      "9": 10732,
      "10": 14148,
      "11": 10732,
      "12": 10732,
      "13": 22894,
      "14": 10732,
      "15": 10732,
      "16": 10732,
      "17": 1
    },
    "f": {
      "0": 56,
      "1": 10732,
      "2": 22894,
      "3": 22894,
      "4": 14148,
      "5": 22894
    },
    "b": {
      "0": [0, 22894],
      "1": [2000, 20894],
      "2": [14148, 3628],
      "3": [22894, 13932],
      "4": [708, 10024]
    }
  },
  "/Users/pedro/dev/chair-flight-question-bank/src/base/questionOneTwo.ts": {
    "path": "/Users/pedro/dev/chair-flight-question-bank/src/base/questionOneTwo.ts",
    "statementMap": {
      "0": {
        "start": { "line": 1, "column": 0 },
        "end": { "line": 1, "column": 28 }
      },
      "1": {
        "start": { "line": 3, "column": 0 },
        "end": { "line": 3, "column": 45 }
      },
      "2": {
        "start": { "line": 5, "column": 30 },
        "end": { "line": 90, "column": 1 }
      },
      "3": {
        "start": { "line": 15, "column": 2 },
        "end": { "line": 89, "column": 4 }
      },
      "4": {
        "start": { "line": 20, "column": 22 },
        "end": { "line": 20, "column": 45 }
      },
      "5": {
        "start": { "line": 21, "column": 29 },
        "end": { "line": 21, "column": 54 }
      },
      "6": {
        "start": { "line": 22, "column": 30 },
        "end": { "line": 22, "column": 55 }
      },
      "7": {
        "start": { "line": 23, "column": 33 },
        "end": { "line": 23, "column": 62 }
      },
      "8": {
        "start": { "line": 25, "column": 22 },
        "end": { "line": 27, "column": 7 }
      },
      "9": {
        "start": { "line": 26, "column": 8 },
        "end": { "line": 26, "column": 58 }
      },
      "10": {
        "start": { "line": 29, "column": 23 },
        "end": { "line": 38, "column": 8 }
      },
      "11": {
        "start": { "line": 40, "column": 27 },
        "end": { "line": 61, "column": 8 }
      },
      "12": {
        "start": { "line": 63, "column": 22 },
        "end": { "line": 74, "column": 10 }
      },
      "13": {
        "start": { "line": 64, "column": 8 },
        "end": { "line": 66, "column": null }
      },
      "14": {
        "start": { "line": 65, "column": 10 },
        "end": { "line": 65, "column": 32 }
      },
      "15": {
        "start": { "line": 67, "column": 8 },
        "end": { "line": 69, "column": null }
      },
      "16": {
        "start": { "line": 68, "column": 10 },
        "end": { "line": 68, "column": 29 }
      },
      "17": {
        "start": { "line": 70, "column": 8 },
        "end": { "line": 72, "column": null }
      },
      "18": {
        "start": { "line": 71, "column": 10 },
        "end": { "line": 71, "column": 29 }
      },
      "19": {
        "start": { "line": 73, "column": 8 },
        "end": { "line": 73, "column": 30 }
      },
      "20": {
        "start": { "line": 76, "column": 6 },
        "end": { "line": 87, "column": 8 }
      },
      "21": {
        "start": { "line": 5, "column": 13 },
        "end": { "line": 5, "column": 30 }
      }
    },
    "fnMap": {
      "0": {
        "name": "(anonymous_1)",
        "decl": {
          "start": { "line": 5, "column": 30 },
          "end": { "line": 5, "column": 31 }
        },
        "loc": {
          "start": { "line": 14, "column": 23 },
          "end": { "line": 90, "column": 1 }
        }
      },
      "1": {
        "name": "(anonymous_2)",
        "decl": {
          "start": { "line": 19, "column": 14 },
          "end": { "line": 19, "column": 15 }
        },
        "loc": {
          "start": { "line": 19, "column": 31 },
          "end": { "line": 88, "column": 5 }
        }
      },
      "2": {
        "name": "(anonymous_3)",
        "decl": {
          "start": { "line": 25, "column": 22 },
          "end": { "line": 25, "column": 23 }
        },
        "loc": {
          "start": { "line": 25, "column": 57 },
          "end": { "line": 27, "column": 7 }
        }
      },
      "3": {
        "name": "(anonymous_4)",
        "decl": {
          "start": { "line": 63, "column": 23 },
          "end": { "line": 63, "column": 26 }
        },
        "loc": {
          "start": { "line": 63, "column": 28 },
          "end": { "line": 74, "column": 7 }
        }
      }
    },
    "branchMap": {
      "0": {
        "loc": {
          "start": { "line": 26, "column": 15 },
          "end": { "line": 26, "column": 57 }
        },
        "type": "cond-expr",
        "locations": [
          {
            "start": { "line": 26, "column": 36 },
            "end": { "line": 26, "column": 51 }
          },
          {
            "start": { "line": 26, "column": 54 },
            "end": { "line": 26, "column": 57 }
          }
        ]
      },
      "1": {
        "loc": {
          "start": { "line": 33, "column": 32 },
          "end": { "line": 33, "column": 68 }
        },
        "type": "cond-expr",
        "locations": [
          {
            "start": { "line": 33, "column": 49 },
            "end": { "line": 33, "column": 58 }
          },
          {
            "start": { "line": 33, "column": 61 },
            "end": { "line": 33, "column": 68 }
          }
        ]
      },
      "2": {
        "loc": {
          "start": { "line": 36, "column": 32 },
          "end": { "line": 36, "column": 69 }
        },
        "type": "cond-expr",
        "locations": [
          {
            "start": { "line": 36, "column": 50 },
            "end": { "line": 36, "column": 59 }
          },
          {
            "start": { "line": 36, "column": 62 },
            "end": { "line": 36, "column": 69 }
          }
        ]
      },
      "3": {
        "loc": {
          "start": { "line": 64, "column": 8 },
          "end": { "line": 66, "column": null }
        },
        "type": "if",
        "locations": [
          {
            "start": { "line": 64, "column": 8 },
            "end": { "line": 66, "column": null }
          }
        ]
      },
      "4": {
        "loc": {
          "start": { "line": 64, "column": 12 },
          "end": { "line": 64, "column": 45 }
        },
        "type": "binary-expr",
        "locations": [
          {
            "start": { "line": 64, "column": 12 },
            "end": { "line": 64, "column": 26 }
          },
          {
            "start": { "line": 64, "column": 30 },
            "end": { "line": 64, "column": 45 }
          }
        ]
      },
      "5": {
        "loc": {
          "start": { "line": 67, "column": 8 },
          "end": { "line": 69, "column": null }
        },
        "type": "if",
        "locations": [
          {
            "start": { "line": 67, "column": 8 },
            "end": { "line": 69, "column": null }
          }
        ]
      },
      "6": {
        "loc": {
          "start": { "line": 70, "column": 8 },
          "end": { "line": 72, "column": null }
        },
        "type": "if",
        "locations": [
          {
            "start": { "line": 70, "column": 8 },
            "end": { "line": 72, "column": null }
          }
        ]
      }
    },
    "s": {
      "0": 1,
      "1": 1,
      "2": 1,
      "3": 1,
      "4": 68,
      "5": 68,
      "6": 68,
      "7": 68,
      "8": 68,
      "9": 136,
      "10": 68,
      "11": 68,
      "12": 68,
      "13": 68,
      "14": 6,
      "15": 62,
      "16": 20,
      "17": 42,
      "18": 10,
      "19": 32,
      "20": 68,
      "21": 1
    },
    "f": { "0": 1, "1": 68, "2": 136, "3": 68 },
    "b": {
      "0": [136, 0],
      "1": [26, 42],
      "2": [16, 52],
      "3": [6],
      "4": [68, 26],
      "5": [20],
      "6": [10]
    }
  },
  "/Users/pedro/dev/chair-flight-question-bank/src/base/random.ts": {
    "path": "/Users/pedro/dev/chair-flight-question-bank/src/base/random.ts",
    "statementMap": {
      "0": {
        "start": { "line": 1, "column": 14 },
        "end": { "line": 16, "column": 1 }
      },
      "1": {
        "start": { "line": 2, "column": 2 },
        "end": { "line": 15, "column": 4 }
      },
      "2": {
        "start": { "line": 3, "column": 4 },
        "end": { "line": 3, "column": 13 }
      },
      "3": {
        "start": { "line": 4, "column": 4 },
        "end": { "line": 4, "column": 13 }
      },
      "4": {
        "start": { "line": 5, "column": 4 },
        "end": { "line": 5, "column": 13 }
      },
      "5": {
        "start": { "line": 6, "column": 4 },
        "end": { "line": 6, "column": 13 }
      },
      "6": {
        "start": { "line": 7, "column": 12 },
        "end": { "line": 7, "column": 23 }
      },
      "7": {
        "start": { "line": 8, "column": 4 },
        "end": { "line": 8, "column": 22 }
      },
      "8": {
        "start": { "line": 9, "column": 4 },
        "end": { "line": 9, "column": 27 }
      },
      "9": {
        "start": { "line": 10, "column": 4 },
        "end": { "line": 10, "column": 31 }
      },
      "10": {
        "start": { "line": 11, "column": 4 },
        "end": { "line": 11, "column": 20 }
      },
      "11": {
        "start": { "line": 12, "column": 4 },
        "end": { "line": 12, "column": 20 }
      },
      "12": {
        "start": { "line": 13, "column": 4 },
        "end": { "line": 13, "column": 20 }
      },
      "13": {
        "start": { "line": 14, "column": 4 },
        "end": { "line": 14, "column": 34 }
      },
      "14": {
        "start": { "line": 18, "column": 34 },
        "end": { "line": 33, "column": 1 }
      },
      "15": {
        "start": { "line": 19, "column": 10 },
        "end": { "line": 19, "column": 11 }
      },
      "16": {
        "start": { "line": 20, "column": 10 },
        "end": { "line": 20, "column": 34 }
      },
      "17": {
        "start": { "line": 21, "column": 2 },
        "end": { "line": 24, "column": null }
      },
      "18": {
        "start": { "line": 22, "column": 4 },
        "end": { "line": 22, "column": 54 }
      },
      "19": {
        "start": { "line": 23, "column": 4 },
        "end": { "line": 23, "column": 31 }
      },
      "20": {
        "start": { "line": 26, "column": 17 },
        "end": { "line": 30, "column": 3 }
      },
      "21": {
        "start": { "line": 27, "column": 4 },
        "end": { "line": 27, "column": 46 }
      },
      "22": {
        "start": { "line": 28, "column": 4 },
        "end": { "line": 28, "column": 46 }
      },
      "23": {
        "start": { "line": 29, "column": 4 },
        "end": { "line": 29, "column": 33 }
      },
      "24": {
        "start": { "line": 32, "column": 2 },
        "end": { "line": 32, "column": 55 }
      },
      "25": {
        "start": { "line": 18, "column": 13 },
        "end": { "line": 18, "column": 34 }
      },
      "26": {
        "start": { "line": 35, "column": 33 },
        "end": { "line": 39, "column": 1 }
      },
      "27": {
        "start": { "line": 36, "column": 17 },
        "end": { "line": 36, "column": 41 }
      },
      "28": {
        "start": { "line": 37, "column": 20 },
        "end": { "line": 37, "column": 40 }
      },
      "29": {
        "start": { "line": 37, "column": 26 },
        "end": { "line": 37, "column": 40 }
      },
      "30": {
        "start": { "line": 38, "column": 2 },
        "end": { "line": 38, "column": 43 }
      },
      "31": {
        "start": { "line": 38, "column": 18 },
        "end": { "line": 38, "column": 42 }
      },
      "32": {
        "start": { "line": 35, "column": 13 },
        "end": { "line": 35, "column": 33 }
      },
      "33": {
        "start": { "line": 41, "column": 27 },
        "end": { "line": 51, "column": 1 }
      },
      "34": {
        "start": { "line": 42, "column": 17 },
        "end": { "line": 42, "column": 18 }
      },
      "35": {
        "start": { "line": 44, "column": 4 },
        "end": { "line": 44, "column": 68 }
      },
      "36": {
        "start": { "line": 45, "column": 17 },
        "end": { "line": 45, "column": 61 }
      },
      "37": {
        "start": { "line": 46, "column": 12 },
        "end": { "line": 46, "column": 14 }
      },
      "38": {
        "start": { "line": 47, "column": 2 },
        "end": { "line": 49, "column": null }
      },
      "39": {
        "start": { "line": 47, "column": 15 },
        "end": { "line": 47, "column": 16 }
      },
      "40": {
        "start": { "line": 48, "column": 4 },
        "end": { "line": 48, "column": 71 }
      },
      "41": {
        "start": { "line": 50, "column": 2 },
        "end": { "line": 50, "column": 13 }
      },
      "42": {
        "start": { "line": 41, "column": 13 },
        "end": { "line": 41, "column": 27 }
      }
    },
    "fnMap": {
      "0": {
        "name": "(anonymous_0)",
        "decl": {
          "start": { "line": 1, "column": 14 },
          "end": { "line": 1, "column": 15 }
        },
        "loc": {
          "start": { "line": 1, "column": 61 },
          "end": { "line": 16, "column": 1 }
        }
      },
      "1": {
        "name": "(anonymous_1)",
        "decl": {
          "start": { "line": 2, "column": 9 },
          "end": { "line": 2, "column": null }
        },
        "loc": {
          "start": { "line": 2, "column": 9 },
          "end": { "line": 15, "column": 3 }
        }
      },
      "2": {
        "name": "(anonymous_2)",
        "decl": {
          "start": { "line": 18, "column": 34 },
          "end": { "line": 18, "column": 35 }
        },
        "loc": {
          "start": { "line": 18, "column": 67 },
          "end": { "line": 33, "column": 1 }
        }
      },
      "3": {
        "name": "(anonymous_3)",
        "decl": {
          "start": { "line": 26, "column": 17 },
          "end": { "line": 26, "column": 20 }
        },
        "loc": {
          "start": { "line": 26, "column": 22 },
          "end": { "line": 30, "column": 3 }
        }
      },
      "4": {
        "name": "(anonymous_4)",
        "decl": {
          "start": { "line": 35, "column": 33 },
          "end": { "line": 35, "column": 34 }
        },
        "loc": {
          "start": { "line": 35, "column": 74 },
          "end": { "line": 39, "column": 1 }
        }
      },
      "5": {
        "name": "(anonymous_5)",
        "decl": {
          "start": { "line": 37, "column": 20 },
          "end": { "line": 37, "column": 23 }
        },
        "loc": {
          "start": { "line": 37, "column": 26 },
          "end": { "line": 37, "column": 40 }
        }
      },
      "6": {
        "name": "(anonymous_6)",
        "decl": {
          "start": { "line": 38, "column": 9 },
          "end": { "line": 38, "column": 10 }
        },
        "loc": {
          "start": { "line": 38, "column": 18 },
          "end": { "line": 38, "column": 42 }
        }
      },
      "7": {
        "name": "(anonymous_7)",
        "decl": {
          "start": { "line": 41, "column": 27 },
          "end": { "line": 41, "column": 30 }
        },
        "loc": {
          "start": { "line": 41, "column": 32 },
          "end": { "line": 51, "column": 1 }
        }
      }
    },
    "branchMap": {},
    "s": {
      "0": 1,
      "1": 11000,
      "2": 159812,
      "3": 159812,
      "4": 159812,
      "5": 159812,
      "6": 159812,
      "7": 159812,
      "8": 159812,
      "9": 159812,
      "10": 159812,
      "11": 159812,
      "12": 159812,
      "13": 159812,
      "14": 1,
      "15": 11000,
      "16": 11000,
      "17": 11000,
      "18": 20900,
      "19": 20900,
      "20": 11000,
      "21": 44000,
      "22": 44000,
      "23": 44000,
      "24": 11000,
      "25": 1,
      "26": 1,
      "27": 11000,
      "28": 11000,
      "29": 159812,
      "30": 11000,
      "31": 46244,
      "32": 1,
      "33": 1,
      "34": 0,
      "35": 0,
      "36": 0,
      "37": 0,
      "38": 0,
      "39": 0,
      "40": 0,
      "41": 0,
      "42": 1
    },
    "f": {
      "0": 11000,
      "1": 159812,
      "2": 11000,
      "3": 44000,
      "4": 11000,
      "5": 159812,
      "6": 46244,
      "7": 0
    },
    "b": {}
  },
  "/Users/pedro/dev/chair-flight-question-bank/src/generated/content.ts": {
    "path": "/Users/pedro/dev/chair-flight-question-bank/src/generated/content.ts",
    "statementMap": {
      "0": {
        "start": { "line": 4, "column": 13 },
        "end": { "line": 16900, "column": null }
      }
    },
    "fnMap": {},
    "branchMap": {},
    "s": { "0": 0 },
    "f": {},
    "b": {}
  },
  "/Users/pedro/dev/chair-flight-question-bank/src/generated/contentTree.ts": {
    "path": "/Users/pedro/dev/chair-flight-question-bank/src/generated/contentTree.ts",
    "statementMap": {
      "0": {
        "start": { "line": 4, "column": 13 },
        "end": { "line": 2115, "column": null }
      }
    },
    "fnMap": {},
    "branchMap": {},
    "s": { "0": 0 },
    "f": {},
    "b": {}
  },
  "/Users/pedro/dev/chair-flight-question-bank/src/generated/learningObjectives.ts": {
    "path": "/Users/pedro/dev/chair-flight-question-bank/src/generated/learningObjectives.ts",
    "statementMap": {
      "0": {
        "start": { "line": 2, "column": 0 },
        "end": { "line": 2, "column": 57 }
      },
      "1": {
        "start": { "line": 4, "column": 13 },
        "end": { "line": 47151, "column": null }
      }
    },
    "fnMap": {},
    "branchMap": {},
    "s": { "0": 0, "1": 0 },
    "f": {},
    "b": {}
  },
  "/Users/pedro/dev/chair-flight-question-bank/src/questions/010.ts": {
    "path": "/Users/pedro/dev/chair-flight-question-bank/src/questions/010.ts",
    "statementMap": {
      "0": {
        "start": { "line": 1, "column": 0 },
        "end": { "line": 1, "column": 28 }
      },
      "1": {
        "start": { "line": 2, "column": 0 },
        "end": { "line": 2, "column": 64 }
      },
      "2": {
        "start": { "line": 4, "column": 13 },
        "end": { "line": 50, "column": 3 }
      },
      "3": {
        "start": { "line": 8, "column": 25 },
        "end": { "line": 10, "column": null }
      },
      "4": {
        "start": { "line": 52, "column": 13 },
        "end": { "line": 202, "column": 3 }
      },
      "5": {
        "start": { "line": 56, "column": 25 },
        "end": { "line": 59, "column": null }
      }
    },
    "fnMap": {
      "0": {
        "name": "(anonymous_1)",
        "decl": {
          "start": { "line": 8, "column": 12 },
          "end": { "line": 8, "column": 13 }
        },
        "loc": {
          "start": { "line": 8, "column": 25 },
          "end": { "line": 10, "column": null }
        }
      },
      "1": {
        "name": "(anonymous_2)",
        "decl": {
          "start": { "line": 56, "column": 12 },
          "end": { "line": 56, "column": 13 }
        },
        "loc": {
          "start": { "line": 56, "column": 25 },
          "end": { "line": 59, "column": null }
        }
      }
    },
    "branchMap": {},
    "s": { "0": 1, "1": 1, "2": 1, "3": 200, "4": 1, "5": 200 },
    "f": { "0": 200, "1": 200 },
    "b": {}
  },
  "/Users/pedro/dev/chair-flight-question-bank/src/questions/021.01.ts": {
    "path": "/Users/pedro/dev/chair-flight-question-bank/src/questions/021.01.ts",
    "statementMap": {
      "0": {
        "start": { "line": 1, "column": 0 },
        "end": { "line": 1, "column": 28 }
      },
      "1": {
        "start": { "line": 2, "column": 0 },
        "end": { "line": 2, "column": 64 }
      },
      "2": {
        "start": { "line": 4, "column": 13 },
        "end": { "line": 101, "column": 3 }
      },
      "3": {
        "start": { "line": 8, "column": 25 },
        "end": { "line": 10, "column": null }
      },
      "4": {
        "start": { "line": 103, "column": 13 },
        "end": { "line": 159, "column": 3 }
      },
      "5": {
        "start": { "line": 108, "column": 25 },
        "end": { "line": 111, "column": null }
      },
      "6": {
        "start": { "line": 112, "column": 25 },
        "end": { "line": 115, "column": null }
      },
      "7": {
        "start": { "line": 161, "column": 13 },
        "end": { "line": 205, "column": 3 }
      },
      "8": {
        "start": { "line": 166, "column": 25 },
        "end": { "line": 169, "column": null }
      },
      "9": {
        "start": { "line": 170, "column": 25 },
        "end": { "line": 173, "column": null }
      },
      "10": {
        "start": { "line": 207, "column": 13 },
        "end": { "line": 250, "column": 3 }
      },
      "11": {
        "start": { "line": 211, "column": 25 },
        "end": { "line": 214, "column": null }
      },
      "12": {
        "start": { "line": 252, "column": 13 },
        "end": { "line": 286, "column": 3 }
      },
      "13": {
        "start": { "line": 256, "column": 18 },
        "end": { "line": 259, "column": null }
      },
      "14": {
        "start": { "line": 288, "column": 13 },
        "end": { "line": 326, "column": 3 }
      },
      "15": {
        "start": { "line": 292, "column": 18 },
        "end": { "line": 294, "column": null }
      }
    },
    "fnMap": {
      "0": {
        "name": "(anonymous_1)",
        "decl": {
          "start": { "line": 8, "column": 12 },
          "end": { "line": 8, "column": 13 }
        },
        "loc": {
          "start": { "line": 8, "column": 25 },
          "end": { "line": 10, "column": null }
        }
      },
      "1": {
        "name": "(anonymous_2)",
        "decl": {
          "start": { "line": 108, "column": 4 },
          "end": { "line": 108, "column": 5 }
        },
        "loc": {
          "start": { "line": 108, "column": 25 },
          "end": { "line": 111, "column": null }
        }
      },
      "2": {
        "name": "(anonymous_3)",
        "decl": {
          "start": { "line": 112, "column": 4 },
          "end": { "line": 112, "column": 5 }
        },
        "loc": {
          "start": { "line": 112, "column": 25 },
          "end": { "line": 115, "column": null }
        }
      },
      "3": {
        "name": "(anonymous_4)",
        "decl": {
          "start": { "line": 166, "column": 4 },
          "end": { "line": 166, "column": 5 }
        },
        "loc": {
          "start": { "line": 166, "column": 25 },
          "end": { "line": 169, "column": null }
        }
      },
      "4": {
        "name": "(anonymous_5)",
        "decl": {
          "start": { "line": 170, "column": 4 },
          "end": { "line": 170, "column": 5 }
        },
        "loc": {
          "start": { "line": 170, "column": 25 },
          "end": { "line": 173, "column": null }
        }
      },
      "5": {
        "name": "(anonymous_6)",
        "decl": {
          "start": { "line": 211, "column": 12 },
          "end": { "line": 211, "column": 13 }
        },
        "loc": {
          "start": { "line": 211, "column": 25 },
          "end": { "line": 214, "column": null }
        }
      },
      "6": {
        "name": "(anonymous_7)",
        "decl": {
          "start": { "line": 256, "column": 12 },
          "end": { "line": 256, "column": 15 }
        },
        "loc": {
          "start": { "line": 256, "column": 18 },
          "end": { "line": 259, "column": null }
        }
      },
      "7": {
        "name": "(anonymous_8)",
        "decl": {
          "start": { "line": 292, "column": 12 },
          "end": { "line": 292, "column": 15 }
        },
        "loc": {
          "start": { "line": 292, "column": 18 },
          "end": { "line": 294, "column": null }
        }
      }
    },
    "branchMap": {},
    "s": {
      "0": 1,
      "1": 1,
      "2": 1,
      "3": 200,
      "4": 1,
      "5": 88,
      "6": 112,
      "7": 1,
      "8": 92,
      "9": 108,
      "10": 1,
      "11": 200,
      "12": 1,
      "13": 200,
      "14": 1,
      "15": 200
    },
    "f": {
      "0": 200,
      "1": 88,
      "2": 112,
      "3": 92,
      "4": 108,
      "5": 200,
      "6": 200,
      "7": 200
    },
    "b": {}
  },
  "/Users/pedro/dev/chair-flight-question-bank/src/questions/021.02.ts": {
    "path": "/Users/pedro/dev/chair-flight-question-bank/src/questions/021.02.ts",
    "statementMap": {
      "0": {
        "start": { "line": 1, "column": 0 },
        "end": { "line": 1, "column": 28 }
      },
      "1": {
        "start": { "line": 2, "column": 0 },
        "end": { "line": 2, "column": 64 }
      },
      "2": {
        "start": { "line": 4, "column": 13 },
        "end": { "line": 48, "column": 3 }
      },
      "3": {
        "start": { "line": 8, "column": 18 },
        "end": { "line": 10, "column": null }
      }
    },
    "fnMap": {
      "0": {
        "name": "(anonymous_1)",
        "decl": {
          "start": { "line": 8, "column": 12 },
          "end": { "line": 8, "column": 15 }
        },
        "loc": {
          "start": { "line": 8, "column": 18 },
          "end": { "line": 10, "column": null }
        }
      }
    },
    "branchMap": {},
    "s": { "0": 1, "1": 1, "2": 1, "3": 200 },
    "f": { "0": 200 },
    "b": {}
  },
  "/Users/pedro/dev/chair-flight-question-bank/src/questions/021.03.ts": {
    "path": "/Users/pedro/dev/chair-flight-question-bank/src/questions/021.03.ts",
    "statementMap": {
      "0": {
        "start": { "line": 1, "column": 0 },
        "end": { "line": 1, "column": 28 }
      },
      "1": {
        "start": { "line": 2, "column": 0 },
        "end": { "line": 2, "column": 64 }
      },
      "2": {
        "start": { "line": 4, "column": 13 },
        "end": { "line": 96, "column": 3 }
      },
      "3": {
        "start": { "line": 8, "column": 25 },
        "end": { "line": 10, "column": null }
      },
      "4": {
        "start": { "line": 98, "column": 13 },
        "end": { "line": 140, "column": 3 }
      },
      "5": {
        "start": { "line": 102, "column": 25 },
        "end": { "line": 104, "column": null }
      },
      "6": {
        "start": { "line": 142, "column": 13 },
        "end": { "line": 187, "column": 3 }
      },
      "7": {
        "start": { "line": 146, "column": 25 },
        "end": { "line": 149, "column": null }
      }
    },
    "fnMap": {
      "0": {
        "name": "(anonymous_1)",
        "decl": {
          "start": { "line": 8, "column": 12 },
          "end": { "line": 8, "column": 13 }
        },
        "loc": {
          "start": { "line": 8, "column": 25 },
          "end": { "line": 10, "column": null }
        }
      },
      "1": {
        "name": "(anonymous_2)",
        "decl": {
          "start": { "line": 102, "column": 12 },
          "end": { "line": 102, "column": 13 }
        },
        "loc": {
          "start": { "line": 102, "column": 25 },
          "end": { "line": 104, "column": null }
        }
      },
      "2": {
        "name": "(anonymous_3)",
        "decl": {
          "start": { "line": 146, "column": 12 },
          "end": { "line": 146, "column": 13 }
        },
        "loc": {
          "start": { "line": 146, "column": 25 },
          "end": { "line": 149, "column": null }
        }
      }
    },
    "branchMap": {},
    "s": {
      "0": 1,
      "1": 1,
      "2": 1,
      "3": 200,
      "4": 1,
      "5": 200,
      "6": 1,
      "7": 200
    },
    "f": { "0": 200, "1": 200, "2": 200 },
    "b": {}
  },
  "/Users/pedro/dev/chair-flight-question-bank/src/questions/021.04.ts": {
    "path": "/Users/pedro/dev/chair-flight-question-bank/src/questions/021.04.ts",
    "statementMap": {
      "0": {
        "start": { "line": 1, "column": 0 },
        "end": { "line": 1, "column": 28 }
      },
      "1": {
        "start": { "line": 2, "column": 0 },
        "end": { "line": 2, "column": 64 }
      },
      "2": {
        "start": { "line": 4, "column": 13 },
        "end": { "line": 43, "column": 3 }
      },
      "3": {
        "start": { "line": 8, "column": 25 },
        "end": { "line": 11, "column": null }
      },
      "4": {
        "start": { "line": 45, "column": 13 },
        "end": { "line": 107, "column": 3 }
      },
      "5": {
        "start": { "line": 49, "column": 25 },
        "end": { "line": 52, "column": null }
      },
      "6": {
        "start": { "line": 109, "column": 13 },
        "end": { "line": 153, "column": 3 }
      },
      "7": {
        "start": { "line": 113, "column": 18 },
        "end": { "line": 115, "column": null }
      },
      "8": {
        "start": { "line": 155, "column": 13 },
        "end": { "line": 201, "column": 3 }
      },
      "9": {
        "start": { "line": 159, "column": 18 },
        "end": { "line": 161, "column": null }
      },
      "10": {
        "start": { "line": 203, "column": 13 },
        "end": { "line": 254, "column": 3 }
      },
      "11": {
        "start": { "line": 207, "column": 18 },
        "end": { "line": 209, "column": null }
      },
      "12": {
        "start": { "line": 256, "column": 13 },
        "end": { "line": 300, "column": 3 }
      },
      "13": {
        "start": { "line": 260, "column": 18 },
        "end": { "line": 262, "column": null }
      }
    },
    "fnMap": {
      "0": {
        "name": "(anonymous_1)",
        "decl": {
          "start": { "line": 8, "column": 12 },
          "end": { "line": 8, "column": 13 }
        },
        "loc": {
          "start": { "line": 8, "column": 25 },
          "end": { "line": 11, "column": null }
        }
      },
      "1": {
        "name": "(anonymous_2)",
        "decl": {
          "start": { "line": 49, "column": 12 },
          "end": { "line": 49, "column": 13 }
        },
        "loc": {
          "start": { "line": 49, "column": 25 },
          "end": { "line": 52, "column": null }
        }
      },
      "2": {
        "name": "(anonymous_3)",
        "decl": {
          "start": { "line": 113, "column": 12 },
          "end": { "line": 113, "column": 15 }
        },
        "loc": {
          "start": { "line": 113, "column": 18 },
          "end": { "line": 115, "column": null }
        }
      },
      "3": {
        "name": "(anonymous_4)",
        "decl": {
          "start": { "line": 159, "column": 12 },
          "end": { "line": 159, "column": 15 }
        },
        "loc": {
          "start": { "line": 159, "column": 18 },
          "end": { "line": 161, "column": null }
        }
      },
      "4": {
        "name": "(anonymous_5)",
        "decl": {
          "start": { "line": 207, "column": 12 },
          "end": { "line": 207, "column": 15 }
        },
        "loc": {
          "start": { "line": 207, "column": 18 },
          "end": { "line": 209, "column": null }
        }
      },
      "5": {
        "name": "(anonymous_6)",
        "decl": {
          "start": { "line": 260, "column": 12 },
          "end": { "line": 260, "column": 15 }
        },
        "loc": {
          "start": { "line": 260, "column": 18 },
          "end": { "line": 262, "column": null }
        }
      }
    },
    "branchMap": {},
    "s": {
      "0": 1,
      "1": 1,
      "2": 1,
      "3": 200,
      "4": 1,
      "5": 200,
      "6": 1,
      "7": 200,
      "8": 1,
      "9": 200,
      "10": 1,
      "11": 200,
      "12": 1,
      "13": 200
    },
    "f": { "0": 200, "1": 200, "2": 200, "3": 200, "4": 200, "5": 200 },
    "b": {}
  },
  "/Users/pedro/dev/chair-flight-question-bank/src/questions/021.05.ts": {
    "path": "/Users/pedro/dev/chair-flight-question-bank/src/questions/021.05.ts",
    "statementMap": {
      "0": {
        "start": { "line": 1, "column": 0 },
        "end": { "line": 1, "column": 28 }
      },
      "1": {
        "start": { "line": 2, "column": 0 },
        "end": { "line": 2, "column": 64 }
      },
      "2": {
        "start": { "line": 4, "column": 13 },
        "end": { "line": 83, "column": 3 }
      },
      "3": {
        "start": { "line": 8, "column": 25 },
        "end": { "line": 10, "column": null }
      },
      "4": {
        "start": { "line": 85, "column": 13 },
        "end": { "line": 137, "column": 3 }
      },
      "5": {
        "start": { "line": 89, "column": 18 },
        "end": { "line": 92, "column": null }
      },
      "6": {
        "start": { "line": 139, "column": 13 },
        "end": { "line": 197, "column": 3 }
      },
      "7": {
        "start": { "line": 143, "column": 25 },
        "end": { "line": 145, "column": null }
      },
      "8": {
        "start": { "line": 199, "column": 13 },
        "end": { "line": 261, "column": 3 }
      },
      "9": {
        "start": { "line": 203, "column": 33 },
        "end": { "line": 205, "column": null }
      },
      "10": {
        "start": { "line": 263, "column": 13 },
        "end": { "line": 314, "column": 3 }
      },
      "11": {
        "start": { "line": 267, "column": 33 },
        "end": { "line": 269, "column": null }
      }
    },
    "fnMap": {
      "0": {
        "name": "(anonymous_1)",
        "decl": {
          "start": { "line": 8, "column": 12 },
          "end": { "line": 8, "column": 13 }
        },
        "loc": {
          "start": { "line": 8, "column": 25 },
          "end": { "line": 10, "column": null }
        }
      },
      "1": {
        "name": "(anonymous_2)",
        "decl": {
          "start": { "line": 89, "column": 12 },
          "end": { "line": 89, "column": 15 }
        },
        "loc": {
          "start": { "line": 89, "column": 18 },
          "end": { "line": 92, "column": null }
        }
      },
      "2": {
        "name": "(anonymous_3)",
        "decl": {
          "start": { "line": 143, "column": 12 },
          "end": { "line": 143, "column": 13 }
        },
        "loc": {
          "start": { "line": 143, "column": 25 },
          "end": { "line": 145, "column": null }
        }
      },
      "3": {
        "name": "(anonymous_4)",
        "decl": {
          "start": { "line": 203, "column": 12 },
          "end": { "line": 203, "column": 13 }
        },
        "loc": {
          "start": { "line": 203, "column": 33 },
          "end": { "line": 205, "column": null }
        }
      },
      "4": {
        "name": "(anonymous_5)",
        "decl": {
          "start": { "line": 267, "column": 12 },
          "end": { "line": 267, "column": 13 }
        },
        "loc": {
          "start": { "line": 267, "column": 33 },
          "end": { "line": 269, "column": null }
        }
      }
    },
    "branchMap": {},
    "s": {
      "0": 1,
      "1": 1,
      "2": 1,
      "3": 200,
      "4": 1,
      "5": 200,
      "6": 1,
      "7": 200,
      "8": 1,
      "9": 200,
      "10": 1,
      "11": 200
    },
    "f": { "0": 200, "1": 200, "2": 200, "3": 200, "4": 200 },
    "b": {}
  },
  "/Users/pedro/dev/chair-flight-question-bank/src/questions/021.06.ts": {
    "path": "/Users/pedro/dev/chair-flight-question-bank/src/questions/021.06.ts",
    "statementMap": {
      "0": {
        "start": { "line": 1, "column": 0 },
        "end": { "line": 1, "column": 28 }
      },
      "1": {
        "start": { "line": 2, "column": 0 },
        "end": { "line": 2, "column": 64 }
      },
      "2": {
        "start": { "line": 4, "column": 13 },
        "end": { "line": 65, "column": 3 }
      },
      "3": {
        "start": { "line": 8, "column": 18 },
        "end": { "line": 10, "column": null }
      }
    },
    "fnMap": {
      "0": {
        "name": "(anonymous_1)",
        "decl": {
          "start": { "line": 8, "column": 12 },
          "end": { "line": 8, "column": 15 }
        },
        "loc": {
          "start": { "line": 8, "column": 18 },
          "end": { "line": 10, "column": null }
        }
      }
    },
    "branchMap": {},
    "s": { "0": 1, "1": 1, "2": 1, "3": 200 },
    "f": { "0": 200 },
    "b": {}
  },
  "/Users/pedro/dev/chair-flight-question-bank/src/questions/021.07.ts": {
    "path": "/Users/pedro/dev/chair-flight-question-bank/src/questions/021.07.ts",
    "statementMap": {
      "0": {
        "start": { "line": 1, "column": 0 },
        "end": { "line": 1, "column": 28 }
      },
      "1": {
        "start": { "line": 2, "column": 0 },
        "end": { "line": 2, "column": 64 }
      },
      "2": {
        "start": { "line": 4, "column": 13 },
        "end": { "line": 50, "column": 3 }
      },
      "3": {
        "start": { "line": 8, "column": 25 },
        "end": { "line": 8, "column": 66 }
      },
      "4": {
        "start": { "line": 52, "column": 13 },
        "end": { "line": 86, "column": 3 }
      },
      "5": {
        "start": { "line": 56, "column": 18 },
        "end": { "line": 59, "column": null }
      }
    },
    "fnMap": {
      "0": {
        "name": "(anonymous_1)",
        "decl": {
          "start": { "line": 8, "column": 12 },
          "end": { "line": 8, "column": 13 }
        },
        "loc": {
          "start": { "line": 8, "column": 25 },
          "end": { "line": 8, "column": 66 }
        }
      },
      "1": {
        "name": "(anonymous_2)",
        "decl": {
          "start": { "line": 56, "column": 12 },
          "end": { "line": 56, "column": 15 }
        },
        "loc": {
          "start": { "line": 56, "column": 18 },
          "end": { "line": 59, "column": null }
        }
      }
    },
    "branchMap": {},
    "s": { "0": 1, "1": 1, "2": 1, "3": 200, "4": 1, "5": 200 },
    "f": { "0": 200, "1": 200 },
    "b": {}
  },
  "/Users/pedro/dev/chair-flight-question-bank/src/questions/021.08.ts": {
    "path": "/Users/pedro/dev/chair-flight-question-bank/src/questions/021.08.ts",
    "statementMap": {
      "0": {
        "start": { "line": 1, "column": 0 },
        "end": { "line": 1, "column": 28 }
      },
      "1": {
        "start": { "line": 2, "column": 0 },
        "end": { "line": 2, "column": 70 }
      },
      "2": {
        "start": { "line": 3, "column": 0 },
        "end": { "line": 3, "column": 64 }
      },
      "3": {
        "start": { "line": 4, "column": 0 },
        "end": { "line": 4, "column": 56 }
      },
      "4": {
        "start": { "line": 6, "column": 13 },
        "end": { "line": 171, "column": 2 }
      },
      "5": {
        "start": { "line": 23, "column": 4 },
        "end": { "line": 59, "column": 6 }
      },
      "6": {
        "start": { "line": 26, "column": 21 },
        "end": { "line": 28, "column": null }
      },
      "7": {
        "start": { "line": 29, "column": 21 },
        "end": { "line": 31, "column": null }
      },
      "8": {
        "start": { "line": 61, "column": 4 },
        "end": { "line": 103, "column": 6 }
      },
      "9": {
        "start": { "line": 63, "column": 29 },
        "end": { "line": 63, "column": 60 }
      },
      "10": {
        "start": { "line": 105, "column": 4 },
        "end": { "line": 125, "column": 6 }
      },
      "11": {
        "start": { "line": 108, "column": 14 },
        "end": { "line": 108, "column": 51 }
      },
      "12": {
        "start": { "line": 109, "column": 14 },
        "end": { "line": 109, "column": 51 }
      },
      "13": {
        "start": { "line": 110, "column": 14 },
        "end": { "line": 110, "column": 52 }
      },
      "14": {
        "start": { "line": 120, "column": 51 },
        "end": { "line": 124, "column": 8 }
      },
      "15": {
        "start": { "line": 127, "column": 4 },
        "end": { "line": 170, "column": 6 }
      },
      "16": {
        "start": { "line": 173, "column": 13 },
        "end": { "line": 233, "column": 3 }
      },
      "17": {
        "start": { "line": 177, "column": 18 },
        "end": { "line": 179, "column": null }
      }
    },
    "fnMap": {
      "0": {
        "name": "(anonymous_1)",
        "decl": {
          "start": { "line": 22, "column": 2 },
          "end": { "line": 22, "column": 3 }
        },
        "loc": {
          "start": { "line": 23, "column": 4 },
          "end": { "line": 59, "column": 6 }
        }
      },
      "1": {
        "name": "(anonymous_2)",
        "decl": {
          "start": { "line": 26, "column": 8 },
          "end": { "line": 26, "column": 9 }
        },
        "loc": {
          "start": { "line": 26, "column": 21 },
          "end": { "line": 28, "column": null }
        }
      },
      "2": {
        "name": "(anonymous_3)",
        "decl": {
          "start": { "line": 29, "column": 8 },
          "end": { "line": 29, "column": 9 }
        },
        "loc": {
          "start": { "line": 29, "column": 21 },
          "end": { "line": 31, "column": null }
        }
      },
      "3": {
        "name": "(anonymous_4)",
        "decl": {
          "start": { "line": 60, "column": 2 },
          "end": { "line": 60, "column": 3 }
        },
        "loc": {
          "start": { "line": 61, "column": 4 },
          "end": { "line": 103, "column": 6 }
        }
      },
      "4": {
        "name": "(anonymous_5)",
        "decl": {
          "start": { "line": 63, "column": 16 },
          "end": { "line": 63, "column": 17 }
        },
        "loc": {
          "start": { "line": 63, "column": 29 },
          "end": { "line": 63, "column": 60 }
        }
      },
      "5": {
        "name": "(anonymous_6)",
        "decl": {
          "start": { "line": 104, "column": 2 },
          "end": { "line": 104, "column": 3 }
        },
        "loc": {
          "start": { "line": 105, "column": 4 },
          "end": { "line": 125, "column": 6 }
        }
      },
      "6": {
        "name": "(anonymous_7)",
        "decl": {
          "start": { "line": 108, "column": 8 },
          "end": { "line": 108, "column": 11 }
        },
        "loc": {
          "start": { "line": 108, "column": 14 },
          "end": { "line": 108, "column": 51 }
        }
      },
      "7": {
        "name": "(anonymous_8)",
        "decl": {
          "start": { "line": 109, "column": 8 },
          "end": { "line": 109, "column": 11 }
        },
        "loc": {
          "start": { "line": 109, "column": 14 },
          "end": { "line": 109, "column": 51 }
        }
      },
      "8": {
        "name": "(anonymous_9)",
        "decl": {
          "start": { "line": 110, "column": 8 },
          "end": { "line": 110, "column": 11 }
        },
        "loc": {
          "start": { "line": 110, "column": 14 },
          "end": { "line": 110, "column": 52 }
        }
      },
      "9": {
        "name": "(anonymous_10)",
        "decl": {
          "start": { "line": 120, "column": 43 },
          "end": { "line": 120, "column": 44 }
        },
        "loc": {
          "start": { "line": 120, "column": 51 },
          "end": { "line": 124, "column": 8 }
        }
      },
      "10": {
        "name": "(anonymous_11)",
        "decl": {
          "start": { "line": 126, "column": 2 },
          "end": { "line": 126, "column": 3 }
        },
        "loc": {
          "start": { "line": 127, "column": 4 },
          "end": { "line": 170, "column": 6 }
        }
      },
      "11": {
        "name": "(anonymous_12)",
        "decl": {
          "start": { "line": 177, "column": 12 },
          "end": { "line": 177, "column": 15 }
        },
        "loc": {
          "start": { "line": 177, "column": 18 },
          "end": { "line": 179, "column": null }
        }
      }
    },
    "branchMap": {},
    "s": {
      "0": 1,
      "1": 1,
      "2": 1,
      "3": 1,
      "4": 1,
      "5": 1,
      "6": 30,
      "7": 36,
      "8": 1,
      "9": 24,
      "10": 1,
      "11": 22,
      "12": 4,
      "13": 16,
      "14": 6,
      "15": 1,
      "16": 1,
      "17": 200
    },
    "f": {
      "0": 1,
      "1": 30,
      "2": 36,
      "3": 1,
      "4": 24,
      "5": 1,
      "6": 22,
      "7": 4,
      "8": 16,
      "9": 6,
      "10": 1,
      "11": 200
    },
    "b": {}
  },
  "/Users/pedro/dev/chair-flight-question-bank/src/questions/021.09.ts": {
    "path": "/Users/pedro/dev/chair-flight-question-bank/src/questions/021.09.ts",
    "statementMap": {
      "0": {
        "start": { "line": 1, "column": 0 },
        "end": { "line": 1, "column": 28 }
      },
      "1": {
        "start": { "line": 2, "column": 0 },
        "end": { "line": 2, "column": 64 }
      },
      "2": {
        "start": { "line": 4, "column": 13 },
        "end": { "line": 45, "column": 3 }
      },
      "3": {
        "start": { "line": 8, "column": 18 },
        "end": { "line": 10, "column": null }
      },
      "4": {
        "start": { "line": 47, "column": 13 },
        "end": { "line": 86, "column": 3 }
      },
      "5": {
        "start": { "line": 51, "column": 18 },
        "end": { "line": 53, "column": null }
      },
      "6": {
        "start": { "line": 88, "column": 13 },
        "end": { "line": 145, "column": 3 }
      },
      "7": {
        "start": { "line": 93, "column": 10 },
        "end": { "line": 95, "column": null }
      },
      "8": {
        "start": { "line": 96, "column": 10 },
        "end": { "line": 98, "column": null }
      },
      "9": {
        "start": { "line": 147, "column": 13 },
        "end": { "line": 196, "column": 3 }
      },
      "10": {
        "start": { "line": 151, "column": 18 },
        "end": { "line": 154, "column": null }
      }
    },
    "fnMap": {
      "0": {
        "name": "(anonymous_1)",
        "decl": {
          "start": { "line": 8, "column": 12 },
          "end": { "line": 8, "column": 15 }
        },
        "loc": {
          "start": { "line": 8, "column": 18 },
          "end": { "line": 10, "column": null }
        }
      },
      "1": {
        "name": "(anonymous_2)",
        "decl": {
          "start": { "line": 51, "column": 12 },
          "end": { "line": 51, "column": 15 }
        },
        "loc": {
          "start": { "line": 51, "column": 18 },
          "end": { "line": 53, "column": null }
        }
      },
      "2": {
        "name": "(anonymous_3)",
        "decl": {
          "start": { "line": 93, "column": 4 },
          "end": { "line": 93, "column": 7 }
        },
        "loc": {
          "start": { "line": 93, "column": 10 },
          "end": { "line": 95, "column": null }
        }
      },
      "3": {
        "name": "(anonymous_4)",
        "decl": {
          "start": { "line": 96, "column": 4 },
          "end": { "line": 96, "column": 7 }
        },
        "loc": {
          "start": { "line": 96, "column": 10 },
          "end": { "line": 98, "column": null }
        }
      },
      "4": {
        "name": "(anonymous_5)",
        "decl": {
          "start": { "line": 151, "column": 12 },
          "end": { "line": 151, "column": 15 }
        },
        "loc": {
          "start": { "line": 151, "column": 18 },
          "end": { "line": 154, "column": null }
        }
      }
    },
    "branchMap": {},
    "s": {
      "0": 1,
      "1": 1,
      "2": 1,
      "3": 200,
      "4": 1,
      "5": 200,
      "6": 1,
      "7": 90,
      "8": 110,
      "9": 1,
      "10": 200
    },
    "f": { "0": 200, "1": 200, "2": 90, "3": 110, "4": 200 },
    "b": {}
  },
  "/Users/pedro/dev/chair-flight-question-bank/src/questions/021.10.ts": {
    "path": "/Users/pedro/dev/chair-flight-question-bank/src/questions/021.10.ts",
    "statementMap": {
      "0": {
        "start": { "line": 1, "column": 0 },
        "end": { "line": 1, "column": 28 }
      },
      "1": {
        "start": { "line": 2, "column": 0 },
        "end": { "line": 2, "column": 64 }
      },
      "2": {
        "start": { "line": 4, "column": 13 },
        "end": { "line": 50, "column": 3 }
      },
      "3": {
        "start": { "line": 8, "column": 18 },
        "end": { "line": 11, "column": null }
      },
      "4": {
        "start": { "line": 52, "column": 13 },
        "end": { "line": 94, "column": 3 }
      },
      "5": {
        "start": { "line": 56, "column": 18 },
        "end": { "line": 59, "column": null }
      },
      "6": {
        "start": { "line": 96, "column": 13 },
        "end": { "line": 139, "column": 3 }
      },
      "7": {
        "start": { "line": 100, "column": 18 },
        "end": { "line": 103, "column": null }
      },
      "8": {
        "start": { "line": 141, "column": 13 },
        "end": { "line": 194, "column": 3 }
      },
      "9": {
        "start": { "line": 145, "column": 18 },
        "end": { "line": 145, "column": 62 }
      }
    },
    "fnMap": {
      "0": {
        "name": "(anonymous_1)",
        "decl": {
          "start": { "line": 8, "column": 12 },
          "end": { "line": 8, "column": 15 }
        },
        "loc": {
          "start": { "line": 8, "column": 18 },
          "end": { "line": 11, "column": null }
        }
      },
      "1": {
        "name": "(anonymous_2)",
        "decl": {
          "start": { "line": 56, "column": 12 },
          "end": { "line": 56, "column": 15 }
        },
        "loc": {
          "start": { "line": 56, "column": 18 },
          "end": { "line": 59, "column": null }
        }
      },
      "2": {
        "name": "(anonymous_3)",
        "decl": {
          "start": { "line": 100, "column": 12 },
          "end": { "line": 100, "column": 15 }
        },
        "loc": {
          "start": { "line": 100, "column": 18 },
          "end": { "line": 103, "column": null }
        }
      },
      "3": {
        "name": "(anonymous_4)",
        "decl": {
          "start": { "line": 145, "column": 12 },
          "end": { "line": 145, "column": 15 }
        },
        "loc": {
          "start": { "line": 145, "column": 18 },
          "end": { "line": 145, "column": 62 }
        }
      }
    },
    "branchMap": {},
    "s": {
      "0": 1,
      "1": 1,
      "2": 1,
      "3": 200,
      "4": 1,
      "5": 200,
      "6": 1,
      "7": 200,
      "8": 1,
      "9": 200
    },
    "f": { "0": 200, "1": 200, "2": 200, "3": 200 },
    "b": {}
  },
  "/Users/pedro/dev/chair-flight-question-bank/src/questions/021.11.ts": {
    "path": "/Users/pedro/dev/chair-flight-question-bank/src/questions/021.11.ts",
    "statementMap": {
      "0": {
        "start": { "line": 1, "column": 0 },
        "end": { "line": 1, "column": 28 }
      },
      "1": {
        "start": { "line": 2, "column": 0 },
        "end": { "line": 2, "column": 64 }
      },
      "2": {
        "start": { "line": 4, "column": 13 },
        "end": { "line": 37, "column": 3 }
      },
      "3": {
        "start": { "line": 8, "column": 18 },
        "end": { "line": 10, "column": null }
      },
      "4": {
        "start": { "line": 39, "column": 13 },
        "end": { "line": 72, "column": 3 }
      },
      "5": {
        "start": { "line": 43, "column": 18 },
        "end": { "line": 45, "column": null }
      },
      "6": {
        "start": { "line": 74, "column": 13 },
        "end": { "line": 149, "column": 3 }
      },
      "7": {
        "start": { "line": 78, "column": 18 },
        "end": { "line": 80, "column": null }
      },
      "8": {
        "start": { "line": 151, "column": 13 },
        "end": { "line": 184, "column": 3 }
      },
      "9": {
        "start": { "line": 155, "column": 18 },
        "end": { "line": 157, "column": null }
      },
      "10": {
        "start": { "line": 186, "column": 13 },
        "end": { "line": 220, "column": 3 }
      },
      "11": {
        "start": { "line": 190, "column": 18 },
        "end": { "line": 193, "column": null }
      },
      "12": {
        "start": { "line": 222, "column": 13 },
        "end": { "line": 255, "column": 3 }
      },
      "13": {
        "start": { "line": 226, "column": 18 },
        "end": { "line": 228, "column": null }
      },
      "14": {
        "start": { "line": 257, "column": 13 },
        "end": { "line": 309, "column": 3 }
      },
      "15": {
        "start": { "line": 261, "column": 18 },
        "end": { "line": 270, "column": null }
      },
      "16": {
        "start": { "line": 311, "column": 13 },
        "end": { "line": 355, "column": 3 }
      },
      "17": {
        "start": { "line": 315, "column": 18 },
        "end": { "line": 318, "column": null }
      },
      "18": {
        "start": { "line": 357, "column": 13 },
        "end": { "line": 425, "column": 3 }
      },
      "19": {
        "start": { "line": 361, "column": 18 },
        "end": { "line": 364, "column": null }
      },
      "20": {
        "start": { "line": 427, "column": 13 },
        "end": { "line": 461, "column": 3 }
      },
      "21": {
        "start": { "line": 431, "column": 18 },
        "end": { "line": 434, "column": null }
      },
      "22": {
        "start": { "line": 463, "column": 13 },
        "end": { "line": 507, "column": 3 }
      },
      "23": {
        "start": { "line": 467, "column": 18 },
        "end": { "line": 469, "column": null }
      },
      "24": {
        "start": { "line": 509, "column": 13 },
        "end": { "line": 553, "column": 3 }
      },
      "25": {
        "start": { "line": 513, "column": 18 },
        "end": { "line": 515, "column": null }
      }
    },
    "fnMap": {
      "0": {
        "name": "(anonymous_1)",
        "decl": {
          "start": { "line": 8, "column": 12 },
          "end": { "line": 8, "column": 15 }
        },
        "loc": {
          "start": { "line": 8, "column": 18 },
          "end": { "line": 10, "column": null }
        }
      },
      "1": {
        "name": "(anonymous_2)",
        "decl": {
          "start": { "line": 43, "column": 12 },
          "end": { "line": 43, "column": 15 }
        },
        "loc": {
          "start": { "line": 43, "column": 18 },
          "end": { "line": 45, "column": null }
        }
      },
      "2": {
        "name": "(anonymous_3)",
        "decl": {
          "start": { "line": 78, "column": 12 },
          "end": { "line": 78, "column": 15 }
        },
        "loc": {
          "start": { "line": 78, "column": 18 },
          "end": { "line": 80, "column": null }
        }
      },
      "3": {
        "name": "(anonymous_4)",
        "decl": {
          "start": { "line": 155, "column": 12 },
          "end": { "line": 155, "column": 15 }
        },
        "loc": {
          "start": { "line": 155, "column": 18 },
          "end": { "line": 157, "column": null }
        }
      },
      "4": {
        "name": "(anonymous_5)",
        "decl": {
          "start": { "line": 190, "column": 12 },
          "end": { "line": 190, "column": 15 }
        },
        "loc": {
          "start": { "line": 190, "column": 18 },
          "end": { "line": 193, "column": null }
        }
      },
      "5": {
        "name": "(anonymous_6)",
        "decl": {
          "start": { "line": 226, "column": 12 },
          "end": { "line": 226, "column": 15 }
        },
        "loc": {
          "start": { "line": 226, "column": 18 },
          "end": { "line": 228, "column": null }
        }
      },
      "6": {
        "name": "(anonymous_7)",
        "decl": {
          "start": { "line": 261, "column": 12 },
          "end": { "line": 261, "column": 15 }
        },
        "loc": {
          "start": { "line": 261, "column": 18 },
          "end": { "line": 270, "column": null }
        }
      },
      "7": {
        "name": "(anonymous_8)",
        "decl": {
          "start": { "line": 315, "column": 12 },
          "end": { "line": 315, "column": 15 }
        },
        "loc": {
          "start": { "line": 315, "column": 18 },
          "end": { "line": 318, "column": null }
        }
      },
      "8": {
        "name": "(anonymous_9)",
        "decl": {
          "start": { "line": 361, "column": 12 },
          "end": { "line": 361, "column": 15 }
        },
        "loc": {
          "start": { "line": 361, "column": 18 },
          "end": { "line": 364, "column": null }
        }
      },
      "9": {
        "name": "(anonymous_10)",
        "decl": {
          "start": { "line": 431, "column": 12 },
          "end": { "line": 431, "column": 15 }
        },
        "loc": {
          "start": { "line": 431, "column": 18 },
          "end": { "line": 434, "column": null }
        }
      },
      "10": {
        "name": "(anonymous_11)",
        "decl": {
          "start": { "line": 467, "column": 12 },
          "end": { "line": 467, "column": 15 }
        },
        "loc": {
          "start": { "line": 467, "column": 18 },
          "end": { "line": 469, "column": null }
        }
      },
      "11": {
        "name": "(anonymous_12)",
        "decl": {
          "start": { "line": 513, "column": 12 },
          "end": { "line": 513, "column": 15 }
        },
        "loc": {
          "start": { "line": 513, "column": 18 },
          "end": { "line": 515, "column": null }
        }
      }
    },
    "branchMap": {},
    "s": {
      "0": 1,
      "1": 1,
      "2": 1,
      "3": 200,
      "4": 1,
      "5": 200,
      "6": 1,
      "7": 200,
      "8": 1,
      "9": 200,
      "10": 1,
      "11": 200,
      "12": 1,
      "13": 200,
      "14": 1,
      "15": 200,
      "16": 1,
      "17": 200,
      "18": 1,
      "19": 200,
      "20": 1,
      "21": 200,
      "22": 1,
      "23": 200,
      "24": 1,
      "25": 200
    },
    "f": {
      "0": 200,
      "1": 200,
      "2": 200,
      "3": 200,
      "4": 200,
      "5": 200,
      "6": 200,
      "7": 200,
      "8": 200,
      "9": 200,
      "10": 200,
      "11": 200
    },
    "b": {}
  },
  "/Users/pedro/dev/chair-flight-question-bank/src/questions/021.12.ts": {
    "path": "/Users/pedro/dev/chair-flight-question-bank/src/questions/021.12.ts",
    "statementMap": {
      "0": {
        "start": { "line": 1, "column": 0 },
        "end": { "line": 1, "column": 28 }
      },
      "1": {
        "start": { "line": 2, "column": 0 },
        "end": { "line": 2, "column": 64 }
      },
      "2": {
        "start": { "line": 4, "column": 13 },
        "end": { "line": 38, "column": 3 }
      },
      "3": {
        "start": { "line": 8, "column": 18 },
        "end": { "line": 11, "column": null }
      },
      "4": {
        "start": { "line": 40, "column": 13 },
        "end": { "line": 79, "column": 3 }
      },
      "5": {
        "start": { "line": 44, "column": 18 },
        "end": { "line": 46, "column": null }
      },
      "6": {
        "start": { "line": 81, "column": 13 },
        "end": { "line": 119, "column": 3 }
      },
      "7": {
        "start": { "line": 85, "column": 18 },
        "end": { "line": 88, "column": null }
      }
    },
    "fnMap": {
      "0": {
        "name": "(anonymous_1)",
        "decl": {
          "start": { "line": 8, "column": 12 },
          "end": { "line": 8, "column": 15 }
        },
        "loc": {
          "start": { "line": 8, "column": 18 },
          "end": { "line": 11, "column": null }
        }
      },
      "1": {
        "name": "(anonymous_2)",
        "decl": {
          "start": { "line": 44, "column": 12 },
          "end": { "line": 44, "column": 15 }
        },
        "loc": {
          "start": { "line": 44, "column": 18 },
          "end": { "line": 46, "column": null }
        }
      },
      "2": {
        "name": "(anonymous_3)",
        "decl": {
          "start": { "line": 85, "column": 12 },
          "end": { "line": 85, "column": 15 }
        },
        "loc": {
          "start": { "line": 85, "column": 18 },
          "end": { "line": 88, "column": null }
        }
      }
    },
    "branchMap": {},
    "s": {
      "0": 1,
      "1": 1,
      "2": 1,
      "3": 200,
      "4": 1,
      "5": 200,
      "6": 1,
      "7": 200
    },
    "f": { "0": 200, "1": 200, "2": 200 },
    "b": {}
  },
  "/Users/pedro/dev/chair-flight-question-bank/src/questions/021.13.ts": {
    "path": "/Users/pedro/dev/chair-flight-question-bank/src/questions/021.13.ts",
    "statementMap": {
      "0": {
        "start": { "line": 1, "column": 0 },
        "end": { "line": 1, "column": 28 }
      },
      "1": {
        "start": { "line": 2, "column": 0 },
        "end": { "line": 2, "column": 64 }
      },
      "2": {
        "start": { "line": 4, "column": 13 },
        "end": { "line": 37, "column": 3 }
      },
      "3": {
        "start": { "line": 8, "column": 18 },
        "end": { "line": 10, "column": null }
      },
      "4": {
        "start": { "line": 39, "column": 13 },
        "end": { "line": 80, "column": 3 }
      },
      "5": {
        "start": { "line": 43, "column": 25 },
        "end": { "line": 45, "column": null }
      },
      "6": {
        "start": { "line": 82, "column": 13 },
        "end": { "line": 117, "column": 3 }
      },
      "7": {
        "start": { "line": 86, "column": 25 },
        "end": { "line": 89, "column": null }
      }
    },
    "fnMap": {
      "0": {
        "name": "(anonymous_1)",
        "decl": {
          "start": { "line": 8, "column": 12 },
          "end": { "line": 8, "column": 15 }
        },
        "loc": {
          "start": { "line": 8, "column": 18 },
          "end": { "line": 10, "column": null }
        }
      },
      "1": {
        "name": "(anonymous_2)",
        "decl": {
          "start": { "line": 43, "column": 12 },
          "end": { "line": 43, "column": 13 }
        },
        "loc": {
          "start": { "line": 43, "column": 25 },
          "end": { "line": 45, "column": null }
        }
      },
      "2": {
        "name": "(anonymous_3)",
        "decl": {
          "start": { "line": 86, "column": 12 },
          "end": { "line": 86, "column": 13 }
        },
        "loc": {
          "start": { "line": 86, "column": 25 },
          "end": { "line": 89, "column": null }
        }
      }
    },
    "branchMap": {},
    "s": {
      "0": 1,
      "1": 1,
      "2": 1,
      "3": 200,
      "4": 1,
      "5": 200,
      "6": 1,
      "7": 200
    },
    "f": { "0": 200, "1": 200, "2": 200 },
    "b": {}
  },
  "/Users/pedro/dev/chair-flight-question-bank/src/questions/index.ts": {
    "path": "/Users/pedro/dev/chair-flight-question-bank/src/questions/index.ts",
    "statementMap": {
      "0": {
        "start": { "line": 2, "column": 0 },
        "end": { "line": 2, "column": 31 }
      },
      "1": {
        "start": { "line": 3, "column": 0 },
        "end": { "line": 3, "column": 38 }
      },
      "2": {
        "start": { "line": 4, "column": 0 },
        "end": { "line": 4, "column": 38 }
      },
      "3": {
        "start": { "line": 5, "column": 0 },
        "end": { "line": 5, "column": 38 }
      },
      "4": {
        "start": { "line": 6, "column": 0 },
        "end": { "line": 6, "column": 38 }
      },
      "5": {
        "start": { "line": 7, "column": 0 },
        "end": { "line": 7, "column": 38 }
      },
      "6": {
        "start": { "line": 8, "column": 0 },
        "end": { "line": 8, "column": 38 }
      },
      "7": {
        "start": { "line": 9, "column": 0 },
        "end": { "line": 9, "column": 38 }
      },
      "8": {
        "start": { "line": 10, "column": 0 },
        "end": { "line": 10, "column": 38 }
      },
      "9": {
        "start": { "line": 11, "column": 0 },
        "end": { "line": 11, "column": 38 }
      },
      "10": {
        "start": { "line": 12, "column": 0 },
        "end": { "line": 12, "column": 38 }
      },
      "11": {
        "start": { "line": 13, "column": 0 },
        "end": { "line": 13, "column": 38 }
      },
      "12": {
        "start": { "line": 14, "column": 0 },
        "end": { "line": 14, "column": 38 }
      },
      "13": {
        "start": { "line": 15, "column": 0 },
        "end": { "line": 15, "column": 38 }
      },
      "14": {
        "start": { "line": 17, "column": 13 },
        "end": { "line": 32, "column": null }
      }
    },
    "fnMap": {},
    "branchMap": {},
    "s": {
      "0": 1,
      "1": 1,
      "2": 1,
      "3": 1,
      "4": 1,
      "5": 1,
      "6": 1,
      "7": 1,
      "8": 1,
      "9": 1,
      "10": 1,
      "11": 1,
      "12": 1,
      "13": 1,
      "14": 1
    },
    "f": {},
    "b": {}
  }
}
