TN:
SF:src/types.ts
FN:7,(anonymous_0)
FNF:1
FNH:0
FNDA:0,(anonymous_0)
DA:7,0
DA:8,0
DA:9,0
DA:10,0
DA:11,0
DA:12,0
DA:13,0
DA:14,0
LF:8
LH:0
BRDA:7,0,0,0
BRDA:7,0,1,0
BRF:2
BRH:0
end_of_record
TN:
SF:src/base/mergeQuestionVariants.ts
FN:6,(anonymous_0)
FN:10,(anonymous_1)
FN:14,(anonymous_2)
FNF:3
FNH:3
FNDA:1,(anonymous_0)
FNDA:4,(anonymous_1)
FNDA:200,(anonymous_2)
DA:2,1
DA:6,1
DA:10,4
DA:12,1
DA:15,200
DA:16,200
DA:17,200
LF:7
LH:7
BRF:0
BRH:0
end_of_record
TN:
SF:src/base/questionOneCorrect.ts
FN:10,(anonymous_1)
FN:32,(anonymous_2)
FN:35,(anonymous_3)
FN:43,(anonymous_4)
FN:52,(anonymous_5)
FN:61,(anonymous_6)
FNF:6
FNH:6
FNDA:56,(anonymous_1)
FNDA:10732,(anonymous_2)
FNDA:22894,(anonymous_3)
FNDA:22894,(anonymous_4)
FNDA:14148,(anonymous_5)
FNDA:22894,(anonymous_6)
DA:1,1
DA:8,1
DA:10,1
DA:28,56
DA:33,10732
DA:34,10732
DA:36,22894
DA:42,10732
DA:43,22894
DA:51,10732
DA:53,14148
DA:56,10732
DA:58,10732
DA:62,22894
DA:66,10732
DA:70,10732
DA:72,10732
LF:17
LH:17
BRDA:36,0,0,0
BRDA:36,0,1,22894
BRDA:46,1,0,2000
BRDA:46,1,1,20894
BRDA:53,2,0,14148
BRDA:53,2,1,3628
BRDA:62,3,0,22894
BRDA:62,3,1,13932
BRDA:66,4,0,708
BRDA:66,4,1,10024
BRF:10
BRH:9
end_of_record
TN:
SF:src/base/questionOneTwo.ts
FN:5,(anonymous_1)
FN:19,(anonymous_2)
FN:25,(anonymous_3)
FN:63,(anonymous_4)
FNF:4
FNH:4
FNDA:1,(anonymous_1)
FNDA:68,(anonymous_2)
FNDA:136,(anonymous_3)
FNDA:68,(anonymous_4)
DA:1,1
DA:3,1
DA:5,1
DA:15,1
DA:20,68
DA:21,68
DA:22,68
DA:23,68
DA:25,68
DA:26,136
DA:29,68
DA:40,68
DA:63,68
DA:64,68
DA:65,6
DA:67,62
DA:68,20
DA:70,42
DA:71,10
DA:73,32
DA:76,68
LF:21
LH:21
BRDA:26,0,0,136
BRDA:26,0,1,0
BRDA:33,1,0,26
BRDA:33,1,1,42
BRDA:36,2,0,16
BRDA:36,2,1,52
BRDA:64,3,0,6
BRDA:64,4,0,68
BRDA:64,4,1,26
BRDA:67,5,0,20
BRDA:70,6,0,10
BRF:11
BRH:10
end_of_record
TN:
SF:src/base/random.ts
FN:1,(anonymous_0)
FN:2,(anonymous_1)
FN:18,(anonymous_2)
FN:26,(anonymous_3)
FN:35,(anonymous_4)
FN:37,(anonymous_5)
FN:38,(anonymous_6)
FN:41,(anonymous_7)
FNF:8
FNH:7
FNDA:11000,(anonymous_0)
FNDA:159812,(anonymous_1)
FNDA:11000,(anonymous_2)
FNDA:44000,(anonymous_3)
FNDA:11000,(anonymous_4)
FNDA:159812,(anonymous_5)
FNDA:46244,(anonymous_6)
FNDA:0,(anonymous_7)
DA:1,1
DA:2,11000
DA:3,159812
DA:4,159812
DA:5,159812
DA:6,159812
DA:7,159812
DA:8,159812
DA:9,159812
DA:10,159812
DA:11,159812
DA:12,159812
DA:13,159812
DA:14,159812
DA:18,1
DA:19,11000
DA:20,11000
DA:21,11000
DA:22,20900
DA:23,20900
DA:26,11000
DA:27,44000
DA:28,44000
DA:29,44000
DA:32,11000
DA:35,1
DA:36,11000
DA:37,159812
DA:38,46244
DA:41,1
DA:42,0
DA:44,0
DA:45,0
DA:46,0
DA:47,0
DA:48,0
DA:50,0
LF:37
LH:30
BRF:0
BRH:0
end_of_record
TN:
SF:src/generated/content.ts
FNF:0
FNH:0
DA:4,0
LF:1
LH:0
BRF:0
BRH:0
end_of_record
TN:
SF:src/generated/contentTree.ts
FNF:0
FNH:0
DA:4,0
LF:1
LH:0
BRF:0
BRH:0
end_of_record
TN:
SF:src/generated/learningObjectives.ts
FNF:0
FNH:0
DA:2,0
DA:4,0
LF:2
LH:0
BRF:0
BRH:0
end_of_record
TN:
SF:src/questions/010.ts
FN:8,(anonymous_1)
FN:56,(anonymous_2)
FNF:2
FNH:2
FNDA:200,(anonymous_1)
FNDA:200,(anonymous_2)
DA:1,1
DA:2,1
DA:4,1
DA:8,200
DA:52,1
DA:56,200
LF:6
LH:6
BRF:0
BRH:0
end_of_record
TN:
SF:src/questions/021.01.ts
FN:8,(anonymous_1)
FN:108,(anonymous_2)
FN:112,(anonymous_3)
FN:166,(anonymous_4)
FN:170,(anonymous_5)
FN:211,(anonymous_6)
FN:256,(anonymous_7)
FN:292,(anonymous_8)
FNF:8
FNH:8
FNDA:200,(anonymous_1)
FNDA:88,(anonymous_2)
FNDA:112,(anonymous_3)
FNDA:92,(anonymous_4)
FNDA:108,(anonymous_5)
FNDA:200,(anonymous_6)
FNDA:200,(anonymous_7)
FNDA:200,(anonymous_8)
DA:1,1
DA:2,1
DA:4,1
DA:8,200
DA:103,1
DA:108,88
DA:112,112
DA:161,1
DA:166,92
DA:170,108
DA:207,1
DA:211,200
DA:252,1
DA:256,200
DA:288,1
DA:292,200
LF:16
LH:16
BRF:0
BRH:0
end_of_record
TN:
SF:src/questions/021.02.ts
FN:8,(anonymous_1)
FNF:1
FNH:1
FNDA:200,(anonymous_1)
DA:1,1
DA:2,1
DA:4,1
DA:8,200
LF:4
LH:4
BRF:0
BRH:0
end_of_record
TN:
SF:src/questions/021.03.ts
FN:8,(anonymous_1)
FN:102,(anonymous_2)
FN:146,(anonymous_3)
FNF:3
FNH:3
FNDA:200,(anonymous_1)
FNDA:200,(anonymous_2)
FNDA:200,(anonymous_3)
DA:1,1
DA:2,1
DA:4,1
DA:8,200
DA:98,1
DA:102,200
DA:142,1
DA:146,200
LF:8
LH:8
BRF:0
BRH:0
end_of_record
TN:
SF:src/questions/021.04.ts
FN:8,(anonymous_1)
FN:49,(anonymous_2)
FN:113,(anonymous_3)
FN:159,(anonymous_4)
FN:207,(anonymous_5)
FN:260,(anonymous_6)
FNF:6
FNH:6
FNDA:200,(anonymous_1)
FNDA:200,(anonymous_2)
FNDA:200,(anonymous_3)
FNDA:200,(anonymous_4)
FNDA:200,(anonymous_5)
FNDA:200,(anonymous_6)
DA:1,1
DA:2,1
DA:4,1
DA:8,200
DA:45,1
DA:49,200
DA:109,1
DA:113,200
DA:155,1
DA:159,200
DA:203,1
DA:207,200
DA:256,1
DA:260,200
LF:14
LH:14
BRF:0
BRH:0
end_of_record
TN:
SF:src/questions/021.05.ts
FN:8,(anonymous_1)
FN:89,(anonymous_2)
FN:143,(anonymous_3)
FN:203,(anonymous_4)
FN:267,(anonymous_5)
FNF:5
FNH:5
FNDA:200,(anonymous_1)
FNDA:200,(anonymous_2)
FNDA:200,(anonymous_3)
FNDA:200,(anonymous_4)
FNDA:200,(anonymous_5)
DA:1,1
DA:2,1
DA:4,1
DA:8,200
DA:85,1
DA:89,200
DA:139,1
DA:143,200
DA:199,1
DA:203,200
DA:263,1
DA:267,200
LF:12
LH:12
BRF:0
BRH:0
end_of_record
TN:
SF:src/questions/021.06.ts
FN:8,(anonymous_1)
FNF:1
FNH:1
FNDA:200,(anonymous_1)
DA:1,1
DA:2,1
DA:4,1
DA:8,200
LF:4
LH:4
BRF:0
BRH:0
end_of_record
TN:
SF:src/questions/021.07.ts
FN:8,(anonymous_1)
FN:56,(anonymous_2)
FNF:2
FNH:2
FNDA:200,(anonymous_1)
FNDA:200,(anonymous_2)
DA:1,1
DA:2,1
DA:4,1
DA:8,200
DA:52,1
DA:56,200
LF:6
LH:6
BRF:0
BRH:0
end_of_record
TN:
SF:src/questions/021.08.ts
FN:22,(anonymous_1)
FN:26,(anonymous_2)
FN:29,(anonymous_3)
FN:60,(anonymous_4)
FN:63,(anonymous_5)
FN:104,(anonymous_6)
FN:108,(anonymous_7)
FN:109,(anonymous_8)
FN:110,(anonymous_9)
FN:120,(anonymous_10)
FN:126,(anonymous_11)
FN:177,(anonymous_12)
FNF:12
FNH:12
FNDA:1,(anonymous_1)
FNDA:30,(anonymous_2)
FNDA:36,(anonymous_3)
FNDA:1,(anonymous_4)
FNDA:24,(anonymous_5)
FNDA:1,(anonymous_6)
FNDA:22,(anonymous_7)
FNDA:4,(anonymous_8)
FNDA:16,(anonymous_9)
FNDA:6,(anonymous_10)
FNDA:1,(anonymous_11)
FNDA:200,(anonymous_12)
DA:1,1
DA:2,1
DA:3,1
DA:4,1
DA:6,1
DA:23,1
DA:26,30
DA:29,36
DA:61,1
DA:63,24
DA:105,1
DA:108,22
DA:109,4
DA:110,16
DA:120,6
DA:127,1
DA:173,1
DA:177,200
LF:18
LH:18
BRF:0
BRH:0
end_of_record
TN:
SF:src/questions/021.09.ts
FN:8,(anonymous_1)
FN:51,(anonymous_2)
FN:93,(anonymous_3)
FN:96,(anonymous_4)
FN:151,(anonymous_5)
FNF:5
FNH:5
FNDA:200,(anonymous_1)
FNDA:200,(anonymous_2)
FNDA:90,(anonymous_3)
FNDA:110,(anonymous_4)
FNDA:200,(anonymous_5)
DA:1,1
DA:2,1
DA:4,1
DA:8,200
DA:47,1
DA:51,200
DA:88,1
DA:93,90
DA:96,110
DA:147,1
DA:151,200
LF:11
LH:11
BRF:0
BRH:0
end_of_record
TN:
SF:src/questions/021.10.ts
FN:8,(anonymous_1)
FN:56,(anonymous_2)
FN:100,(anonymous_3)
FN:145,(anonymous_4)
FNF:4
FNH:4
FNDA:200,(anonymous_1)
FNDA:200,(anonymous_2)
FNDA:200,(anonymous_3)
FNDA:200,(anonymous_4)
DA:1,1
DA:2,1
DA:4,1
DA:8,200
DA:52,1
DA:56,200
DA:96,1
DA:100,200
DA:141,1
DA:145,200
LF:10
LH:10
BRF:0
BRH:0
end_of_record
TN:
SF:src/questions/021.11.ts
FN:8,(anonymous_1)
FN:43,(anonymous_2)
FN:78,(anonymous_3)
FN:155,(anonymous_4)
FN:190,(anonymous_5)
FN:226,(anonymous_6)
FN:261,(anonymous_7)
FN:315,(anonymous_8)
FN:361,(anonymous_9)
FN:431,(anonymous_10)
FN:467,(anonymous_11)
FN:513,(anonymous_12)
FNF:12
FNH:12
FNDA:200,(anonymous_1)
FNDA:200,(anonymous_2)
FNDA:200,(anonymous_3)
FNDA:200,(anonymous_4)
FNDA:200,(anonymous_5)
FNDA:200,(anonymous_6)
FNDA:200,(anonymous_7)
FNDA:200,(anonymous_8)
FNDA:200,(anonymous_9)
FNDA:200,(anonymous_10)
FNDA:200,(anonymous_11)
FNDA:200,(anonymous_12)
DA:1,1
DA:2,1
DA:4,1
DA:8,200
DA:39,1
DA:43,200
DA:74,1
DA:78,200
DA:151,1
DA:155,200
DA:186,1
DA:190,200
DA:222,1
DA:226,200
DA:257,1
DA:261,200
DA:311,1
DA:315,200
DA:357,1
DA:361,200
DA:427,1
DA:431,200
DA:463,1
DA:467,200
DA:509,1
DA:513,200
LF:26
LH:26
BRF:0
BRH:0
end_of_record
TN:
SF:src/questions/021.12.ts
FN:8,(anonymous_1)
FN:44,(anonymous_2)
FN:85,(anonymous_3)
FNF:3
FNH:3
FNDA:200,(anonymous_1)
FNDA:200,(anonymous_2)
FNDA:200,(anonymous_3)
DA:1,1
DA:2,1
DA:4,1
DA:8,200
DA:40,1
DA:44,200
DA:81,1
DA:85,200
LF:8
LH:8
BRF:0
BRH:0
end_of_record
TN:
SF:src/questions/021.13.ts
FN:8,(anonymous_1)
FN:43,(anonymous_2)
FN:86,(anonymous_3)
FNF:3
FNH:3
FNDA:200,(anonymous_1)
FNDA:200,(anonymous_2)
FNDA:200,(anonymous_3)
DA:1,1
DA:2,1
DA:4,1
DA:8,200
DA:39,1
DA:43,200
DA:82,1
DA:86,200
LF:8
LH:8
BRF:0
BRH:0
end_of_record
TN:
SF:src/questions/index.ts
FNF:0
FNH:0
DA:2,1
DA:3,1
DA:4,1
DA:5,1
DA:6,1
DA:7,1
DA:8,1
DA:9,1
DA:10,1
DA:11,1
DA:12,1
DA:13,1
DA:14,1
DA:15,1
DA:17,1
LF:15
LH:15
BRF:0
BRH:0
end_of_record
